-------------------------------------------------------------------------------
Test set: stochastic.pointprocesses.autoexciting.multivariate.ExponentialMutuallyExcitingProcessTest
-------------------------------------------------------------------------------
Tests run: 1, Failures: 0, Errors: 1, Skipped: 0, Time elapsed: 0 sec <<< FAILURE! - in stochastic.pointprocesses.autoexciting.multivariate.ExponentialMutuallyExcitingProcessTest
testA(stochastic.pointprocesses.autoexciting.multivariate.ExponentialMutuallyExcitingProcessTest)  Time elapsed: 0 sec  <<< ERROR!
java.lang.Error: Unresolved compilation problems: 
	Lambda expressions are allowed only at source level 1.8 or above
	Lambda expressions are allowed only at source level 1.8 or above
	Lambda expressions are allowed only at source level 1.8 or above
	Cannot refer to the non-final local variable j defined in an enclosing scope
	Cannot refer to the non-final local variable m defined in an enclosing scope
	Cannot refer to the non-final local variable j defined in an enclosing scope
	Cannot refer to the non-final local variable m defined in an enclosing scope

	at stochastic.pointprocesses.autoexciting.multivariate.ExtendedApproximatePowerlawMututallyExcitingProcess.<init>(ExtendedApproximatePowerlawMututallyExcitingProcess.java:277)
	at stochastic.pointprocesses.autoexciting.multivariate.ExtendedApproximatePowerlawMututallyExcitingProcessTest.constructProcess(ExtendedApproximatePowerlawMututallyExcitingProcessTest.java:145)
	at stochastic.pointprocesses.autoexciting.multivariate.ExponentialMutuallyExcitingProcessTest.testA(ExponentialMutuallyExcitingProcessTest.java:12)

