-------------------------------------------------------------------------------
Test set: stochastic.pointprocesses.autoexciting.multivariate.ExtendedApproximatePowerlawMututallyExcitingProcessTest
-------------------------------------------------------------------------------
Tests run: 9, Failures: 0, Errors: 9, Skipped: 0, Time elapsed: 0.001 sec <<< FAILURE! - in stochastic.pointprocesses.autoexciting.multivariate.ExtendedApproximatePowerlawMututallyExcitingProcessTest
testInvLambda(stochastic.pointprocesses.autoexciting.multivariate.ExtendedApproximatePowerlawMututallyExcitingProcessTest)  Time elapsed: 0 sec  <<< ERROR!
java.lang.Error: Unresolved compilation problems: 
	Lambda expressions are allowed only at source level 1.8 or above
	Lambda expressions are allowed only at source level 1.8 or above
	Lambda expressions are allowed only at source level 1.8 or above
	Cannot refer to the non-final local variable j defined in an enclosing scope
	Cannot refer to the non-final local variable m defined in an enclosing scope
	Cannot refer to the non-final local variable j defined in an enclosing scope
	Cannot refer to the non-final local variable m defined in an enclosing scope

	at stochastic.pointprocesses.autoexciting.multivariate.ExtendedApproximatePowerlawMututallyExcitingProcess.<init>(ExtendedApproximatePowerlawMututallyExcitingProcess.java:277)
	at stochastic.pointprocesses.autoexciting.multivariate.ExtendedApproximatePowerlawMututallyExcitingProcessTest.constructProcess(ExtendedApproximatePowerlawMututallyExcitingProcessTest.java:145)
	at stochastic.pointprocesses.autoexciting.multivariate.ExtendedApproximatePowerlawMututallyExcitingProcessTest.testInvLambda(ExtendedApproximatePowerlawMututallyExcitingProcessTest.java:165)

testSubTimes(stochastic.pointprocesses.autoexciting.multivariate.ExtendedApproximatePowerlawMututallyExcitingProcessTest)  Time elapsed: 0 sec  <<< ERROR!
java.lang.Error: Unresolved compilation problems: 
	Lambda expressions are allowed only at source level 1.8 or above
	Lambda expressions are allowed only at source level 1.8 or above
	Lambda expressions are allowed only at source level 1.8 or above
	Cannot refer to the non-final local variable j defined in an enclosing scope
	Cannot refer to the non-final local variable m defined in an enclosing scope
	Cannot refer to the non-final local variable j defined in an enclosing scope
	Cannot refer to the non-final local variable m defined in an enclosing scope

	at stochastic.pointprocesses.autoexciting.multivariate.ExtendedApproximatePowerlawMututallyExcitingProcess.<init>(ExtendedApproximatePowerlawMututallyExcitingProcess.java:277)
	at stochastic.pointprocesses.autoexciting.multivariate.ExtendedApproximatePowerlawMututallyExcitingProcessTest.constructProcess(ExtendedApproximatePowerlawMututallyExcitingProcessTest.java:145)
	at stochastic.pointprocesses.autoexciting.multivariate.ExtendedApproximatePowerlawMututallyExcitingProcessTest.testSubTimes(ExtendedApproximatePowerlawMututallyExcitingProcessTest.java:45)

testLikelihood(stochastic.pointprocesses.autoexciting.multivariate.ExtendedApproximatePowerlawMututallyExcitingProcessTest)  Time elapsed: 0 sec  <<< ERROR!
java.lang.Error: Unresolved compilation problems: 
	Lambda expressions are allowed only at source level 1.8 or above
	Lambda expressions are allowed only at source level 1.8 or above
	Lambda expressions are allowed only at source level 1.8 or above
	Cannot refer to the non-final local variable j defined in an enclosing scope
	Cannot refer to the non-final local variable m defined in an enclosing scope
	Cannot refer to the non-final local variable j defined in an enclosing scope
	Cannot refer to the non-final local variable m defined in an enclosing scope

	at stochastic.pointprocesses.autoexciting.multivariate.ExtendedApproximatePowerlawMututallyExcitingProcess.<init>(ExtendedApproximatePowerlawMututallyExcitingProcess.java:277)
	at stochastic.pointprocesses.autoexciting.multivariate.ExtendedApproximatePowerlawMututallyExcitingProcessTest.constructProcess(ExtendedApproximatePowerlawMututallyExcitingProcessTest.java:145)
	at stochastic.pointprocesses.autoexciting.multivariate.ExtendedApproximatePowerlawMututallyExcitingProcessTest.testLikelihood(ExtendedApproximatePowerlawMututallyExcitingProcessTest.java:70)

testGetAndAssignParameters(stochastic.pointprocesses.autoexciting.multivariate.ExtendedApproximatePowerlawMututallyExcitingProcessTest)  Time elapsed: 0 sec  <<< ERROR!
java.lang.Error: Unresolved compilation problems: 
	Lambda expressions are allowed only at source level 1.8 or above
	Lambda expressions are allowed only at source level 1.8 or above
	Lambda expressions are allowed only at source level 1.8 or above
	Cannot refer to the non-final local variable j defined in an enclosing scope
	Cannot refer to the non-final local variable m defined in an enclosing scope
	Cannot refer to the non-final local variable j defined in an enclosing scope
	Cannot refer to the non-final local variable m defined in an enclosing scope

	at stochastic.pointprocesses.autoexciting.multivariate.ExtendedApproximatePowerlawMututallyExcitingProcess.<init>(ExtendedApproximatePowerlawMututallyExcitingProcess.java:277)
	at stochastic.pointprocesses.autoexciting.multivariate.ExtendedApproximatePowerlawMututallyExcitingProcessTest.testGetAndAssignParameters(ExtendedApproximatePowerlawMututallyExcitingProcessTest.java:129)

testA(stochastic.pointprocesses.autoexciting.multivariate.ExtendedApproximatePowerlawMututallyExcitingProcessTest)  Time elapsed: 0 sec  <<< ERROR!
java.lang.Error: Unresolved compilation problems: 
	Lambda expressions are allowed only at source level 1.8 or above
	Lambda expressions are allowed only at source level 1.8 or above
	Lambda expressions are allowed only at source level 1.8 or above
	Cannot refer to the non-final local variable j defined in an enclosing scope
	Cannot refer to the non-final local variable m defined in an enclosing scope
	Cannot refer to the non-final local variable j defined in an enclosing scope
	Cannot refer to the non-final local variable m defined in an enclosing scope

	at stochastic.pointprocesses.autoexciting.multivariate.ExtendedApproximatePowerlawMututallyExcitingProcess.<init>(ExtendedApproximatePowerlawMututallyExcitingProcess.java:277)
	at stochastic.pointprocesses.autoexciting.multivariate.ExtendedApproximatePowerlawMututallyExcitingProcessTest.constructProcess(ExtendedApproximatePowerlawMututallyExcitingProcessTest.java:145)
	at stochastic.pointprocesses.autoexciting.multivariate.ExtendedApproximatePowerlawMututallyExcitingProcessTest.testA(ExtendedApproximatePowerlawMututallyExcitingProcessTest.java:102)

testZ(stochastic.pointprocesses.autoexciting.multivariate.ExtendedApproximatePowerlawMututallyExcitingProcessTest)  Time elapsed: 0 sec  <<< ERROR!
java.lang.Error: Unresolved compilation problems: 
	Lambda expressions are allowed only at source level 1.8 or above
	Lambda expressions are allowed only at source level 1.8 or above
	Lambda expressions are allowed only at source level 1.8 or above
	Cannot refer to the non-final local variable j defined in an enclosing scope
	Cannot refer to the non-final local variable m defined in an enclosing scope
	Cannot refer to the non-final local variable j defined in an enclosing scope
	Cannot refer to the non-final local variable m defined in an enclosing scope

	at stochastic.pointprocesses.autoexciting.multivariate.ExtendedApproximatePowerlawMututallyExcitingProcess.<init>(ExtendedApproximatePowerlawMututallyExcitingProcess.java:277)
	at stochastic.pointprocesses.autoexciting.multivariate.ExtendedApproximatePowerlawMututallyExcitingProcessTest.constructProcess(ExtendedApproximatePowerlawMututallyExcitingProcessTest.java:145)
	at stochastic.pointprocesses.autoexciting.multivariate.ExtendedApproximatePowerlawMututallyExcitingProcessTest.testZ(ExtendedApproximatePowerlawMututallyExcitingProcessTest.java:60)

testΦ(stochastic.pointprocesses.autoexciting.multivariate.ExtendedApproximatePowerlawMututallyExcitingProcessTest)  Time elapsed: 0 sec  <<< ERROR!
java.lang.Error: Unresolved compilation problems: 
	Lambda expressions are allowed only at source level 1.8 or above
	Lambda expressions are allowed only at source level 1.8 or above
	Lambda expressions are allowed only at source level 1.8 or above
	Cannot refer to the non-final local variable j defined in an enclosing scope
	Cannot refer to the non-final local variable m defined in an enclosing scope
	Cannot refer to the non-final local variable j defined in an enclosing scope
	Cannot refer to the non-final local variable m defined in an enclosing scope

	at stochastic.pointprocesses.autoexciting.multivariate.ExtendedApproximatePowerlawMututallyExcitingProcess.<init>(ExtendedApproximatePowerlawMututallyExcitingProcess.java:277)
	at stochastic.pointprocesses.autoexciting.multivariate.ExtendedApproximatePowerlawMututallyExcitingProcessTest.constructProcess(ExtendedApproximatePowerlawMututallyExcitingProcessTest.java:145)
	at stochastic.pointprocesses.autoexciting.multivariate.ExtendedApproximatePowerlawMututallyExcitingProcessTest.constructLongerProcess(ExtendedApproximatePowerlawMututallyExcitingProcessTest.java:33)
	at stochastic.pointprocesses.autoexciting.multivariate.ExtendedApproximatePowerlawMututallyExcitingProcessTest.testΦ(ExtendedApproximatePowerlawMututallyExcitingProcessTest.java:23)

testTotalΛ(stochastic.pointprocesses.autoexciting.multivariate.ExtendedApproximatePowerlawMututallyExcitingProcessTest)  Time elapsed: 0.001 sec  <<< ERROR!
java.lang.Error: Unresolved compilation problems: 
	Lambda expressions are allowed only at source level 1.8 or above
	Lambda expressions are allowed only at source level 1.8 or above
	Lambda expressions are allowed only at source level 1.8 or above
	Cannot refer to the non-final local variable j defined in an enclosing scope
	Cannot refer to the non-final local variable m defined in an enclosing scope
	Cannot refer to the non-final local variable j defined in an enclosing scope
	Cannot refer to the non-final local variable m defined in an enclosing scope

	at stochastic.pointprocesses.autoexciting.multivariate.ExtendedApproximatePowerlawMututallyExcitingProcess.<init>(ExtendedApproximatePowerlawMututallyExcitingProcess.java:277)
	at stochastic.pointprocesses.autoexciting.multivariate.ExtendedApproximatePowerlawMututallyExcitingProcessTest.constructProcess(ExtendedApproximatePowerlawMututallyExcitingProcessTest.java:145)
	at stochastic.pointprocesses.autoexciting.multivariate.ExtendedApproximatePowerlawMututallyExcitingProcessTest.testTotalΛ(ExtendedApproximatePowerlawMututallyExcitingProcessTest.java:92)

testλVector(stochastic.pointprocesses.autoexciting.multivariate.ExtendedApproximatePowerlawMututallyExcitingProcessTest)  Time elapsed: 0 sec  <<< ERROR!
java.lang.Error: Unresolved compilation problems: 
	Lambda expressions are allowed only at source level 1.8 or above
	Lambda expressions are allowed only at source level 1.8 or above
	Lambda expressions are allowed only at source level 1.8 or above
	Cannot refer to the non-final local variable j defined in an enclosing scope
	Cannot refer to the non-final local variable m defined in an enclosing scope
	Cannot refer to the non-final local variable j defined in an enclosing scope
	Cannot refer to the non-final local variable m defined in an enclosing scope

	at stochastic.pointprocesses.autoexciting.multivariate.ExtendedApproximatePowerlawMututallyExcitingProcess.<init>(ExtendedApproximatePowerlawMututallyExcitingProcess.java:277)
	at stochastic.pointprocesses.autoexciting.multivariate.ExtendedApproximatePowerlawMututallyExcitingProcessTest.constructProcess(ExtendedApproximatePowerlawMututallyExcitingProcessTest.java:145)
	at stochastic.pointprocesses.autoexciting.multivariate.ExtendedApproximatePowerlawMututallyExcitingProcessTest.testλVector(ExtendedApproximatePowerlawMututallyExcitingProcessTest.java:80)

