<?xml version="1.0" encoding="UTF-8"?>
<testsuite name="stochastic.pointprocesses.autoexciting.ExtendedExponentialPowerlawAutoExcitingProcessTest" time="0.012" tests="8" errors="8" skipped="0" failures="0">
  <properties>
[...]
</properties>
  <testcase name="testInvLambda" classname="stochastic.pointprocesses.autoexciting.ExtendedExponentialPowerlawAutoExcitingProcessTest" time="0.001">
    <error message="Unresolved compilation problems: &#10;	The method seq(IntFunction&lt;?&gt;, int, int) is ambiguous for the type ExponentialAutoExcitingProcess&#10;	Method references are allowed only at source level 1.8 or above&#10;	The method seq(IntFunction&lt;?&gt;, int, int) is ambiguous for the type ExponentialAutoExcitingProcess&#10;	Method references are allowed only at source level 1.8 or above&#10;	Lambda expressions are allowed only at source level 1.8 or above&#10;	Cannot refer to the non-final local variable k defined in an enclosing scope&#10;	Lambda expressions are allowed only at source level 1.8 or above&#10;	Cannot refer to the non-final local variable k defined in an enclosing scope&#10;	Method references are allowed only at source level 1.8 or above&#10;	Method references are allowed only at source level 1.8 or above&#10;	Method references are allowed only at source level 1.8 or above&#10;	Lambda expressions are allowed only at source level 1.8 or above&#10;	The target type of this expression must be a functional interface&#10;	Lambda expressions are allowed only at source level 1.8 or above&#10;	Lambda expressions are allowed only at source level 1.8 or above&#10;	Cannot refer to the non-final local variable progressMonitor defined in an enclosing scope&#10;	Lambda expressions are allowed only at source level 1.8 or above&#10;	Lambda expressions are allowed only at source level 1.8 or above&#10;	Lambda expressions are allowed only at source level 1.8 or above&#10;	Lambda expressions are allowed only at source level 1.8 or above&#10;	References to interface static methods are allowed only at source level 1.8 or above&#10;	Lambda expressions are allowed only at source level 1.8 or above&#10;	Lambda expressions are allowed only at source level 1.8 or above&#10;	References to interface static methods are allowed only at source level 1.8 or above&#10;	Cannot refer to the non-final local variable bounds defined in an enclosing scope&#10;	Lambda expressions are allowed only at source level 1.8 or above&#10;	Lambda expressions are allowed only at source level 1.8 or above&#10;	Cannot refer to the non-final local variable t defined in an enclosing scope&#10;	References to interface static methods are allowed only at source level 1.8 or above&#10;	Lambda expressions are allowed only at source level 1.8 or above&#10;	Lambda expressions are allowed only at source level 1.8 or above&#10;	Cannot refer to the non-final local variable n defined in an enclosing scope&#10;	Lambda expressions are allowed only at source level 1.8 or above&#10;	Cannot refer to the non-final local variable i defined in an enclosing scope&#10;	Cannot refer to the non-final local variable i defined in an enclosing scope&#10;	Cannot refer to the non-final local variable i defined in an enclosing scope&#10;	Lambda expressions are allowed only at source level 1.8 or above&#10;	Cannot refer to the non-final local variable dt defined in an enclosing scope&#10;	Cannot refer to the non-final local variable i defined in an enclosing scope&#10;	Lambda expressions are allowed only at source level 1.8 or above&#10;	Lambda expressions are allowed only at source level 1.8 or above&#10;	Cannot refer to the non-final local variable k defined in an enclosing scope&#10;	Lambda expressions are allowed only at source level 1.8 or above&#10;	Lambda expressions are allowed only at source level 1.8 or above&#10;	Cannot refer to the non-final local variable tn defined in an enclosing scope&#10;	Cannot refer to the non-final local variable i defined in an enclosing scope&#10;	Lambda expressions are allowed only at source level 1.8 or above&#10;	Lambda expressions are allowed only at source level 1.8 or above&#10;	Lambda expressions are allowed only at source level 1.8 or above&#10;	Cannot refer to the non-final local variable i defined in an enclosing scope&#10;	Cannot refer to the non-final local variable k defined in an enclosing scope&#10;	Lambda expressions are allowed only at source level 1.8 or above&#10;	Cannot refer to the non-final local variable tk defined in an enclosing scope&#10;	Cannot refer to the non-final local variable dt defined in an enclosing scope&#10;	Lambda expressions are allowed only at source level 1.8 or above&#10;	Cannot refer to the non-final local variable tk defined in an enclosing scope&#10;	Cannot refer to the non-final local variable dt defined in an enclosing scope&#10;	Lambda expressions are allowed only at source level 1.8 or above&#10;	Cannot refer to the non-final local variable tk defined in an enclosing scope&#10;	Cannot refer to the non-final local variable dt defined in an enclosing scope&#10;	Lambda expressions are allowed only at source level 1.8 or above&#10;	Cannot refer to the non-final local variable tk defined in an enclosing scope&#10;	Cannot refer to the non-final local variable dt defined in an enclosing scope&#10;	Lambda expressions are allowed only at source level 1.8 or above&#10;	Cannot refer to the non-final local variable t defined in an enclosing scope&#10;	Lambda expressions are allowed only at source level 1.8 or above&#10;	Cannot refer to the non-final local variable process defined in an enclosing scope&#10;	Lambda expressions are allowed only at source level 1.8 or above&#10;	Cannot refer to the non-final local variable j defined in an enclosing scope&#10;	Cannot refer to the non-final local variable Ti defined in an enclosing scope&#10;" type="java.lang.Error"><![CDATA[java.lang.Error: Unresolved compilation problems: 
	The method seq(IntFunction<?>, int, int) is ambiguous for the type ExponentialAutoExcitingProcess
	Method references are allowed only at source level 1.8 or above
	The method seq(IntFunction<?>, int, int) is ambiguous for the type ExponentialAutoExcitingProcess
	Method references are allowed only at source level 1.8 or above
	Lambda expressions are allowed only at source level 1.8 or above
	Cannot refer to the non-final local variable k defined in an enclosing scope
	Lambda expressions are allowed only at source level 1.8 or above
	Cannot refer to the non-final local variable k defined in an enclosing scope
	Method references are allowed only at source level 1.8 or above
	Method references are allowed only at source level 1.8 or above
	Method references are allowed only at source level 1.8 or above
	Lambda expressions are allowed only at source level 1.8 or above
	The target type of this expression must be a functional interface
	Lambda expressions are allowed only at source level 1.8 or above
	Lambda expressions are allowed only at source level 1.8 or above
	Cannot refer to the non-final local variable progressMonitor defined in an enclosing scope
	Lambda expressions are allowed only at source level 1.8 or above
	Lambda expressions are allowed only at source level 1.8 or above
	Lambda expressions are allowed only at source level 1.8 or above
	Lambda expressions are allowed only at source level 1.8 or above
	References to interface static methods are allowed only at source level 1.8 or above
	Lambda expressions are allowed only at source level 1.8 or above
	Lambda expressions are allowed only at source level 1.8 or above
	References to interface static methods are allowed only at source level 1.8 or above
	Cannot refer to the non-final local variable bounds defined in an enclosing scope
	Lambda expressions are allowed only at source level 1.8 or above
	Lambda expressions are allowed only at source level 1.8 or above
	Cannot refer to the non-final local variable t defined in an enclosing scope
	References to interface static methods are allowed only at source level 1.8 or above
	Lambda expressions are allowed only at source level 1.8 or above
	Lambda expressions are allowed only at source level 1.8 or above
	Cannot refer to the non-final local variable n defined in an enclosing scope
	Lambda expressions are allowed only at source level 1.8 or above
	Cannot refer to the non-final local variable i defined in an enclosing scope
	Cannot refer to the non-final local variable i defined in an enclosing scope
	Cannot refer to the non-final local variable i defined in an enclosing scope
	Lambda expressions are allowed only at source level 1.8 or above
	Cannot refer to the non-final local variable dt defined in an enclosing scope
	Cannot refer to the non-final local variable i defined in an enclosing scope
	Lambda expressions are allowed only at source level 1.8 or above
	Lambda expressions are allowed only at source level 1.8 or above
	Cannot refer to the non-final local variable k defined in an enclosing scope
	Lambda expressions are allowed only at source level 1.8 or above
	Lambda expressions are allowed only at source level 1.8 or above
	Cannot refer to the non-final local variable tn defined in an enclosing scope
	Cannot refer to the non-final local variable i defined in an enclosing scope
	Lambda expressions are allowed only at source level 1.8 or above
	Lambda expressions are allowed only at source level 1.8 or above
	Lambda expressions are allowed only at source level 1.8 or above
	Cannot refer to the non-final local variable i defined in an enclosing scope
	Cannot refer to the non-final local variable k defined in an enclosing scope
	Lambda expressions are allowed only at source level 1.8 or above
	Cannot refer to the non-final local variable tk defined in an enclosing scope
	Cannot refer to the non-final local variable dt defined in an enclosing scope
	Lambda expressions are allowed only at source level 1.8 or above
	Cannot refer to the non-final local variable tk defined in an enclosing scope
	Cannot refer to the non-final local variable dt defined in an enclosing scope
	Lambda expressions are allowed only at source level 1.8 or above
	Cannot refer to the non-final local variable tk defined in an enclosing scope
	Cannot refer to the non-final local variable dt defined in an enclosing scope
	Lambda expressions are allowed only at source level 1.8 or above
	Cannot refer to the non-final local variable tk defined in an enclosing scope
	Cannot refer to the non-final local variable dt defined in an enclosing scope
	Lambda expressions are allowed only at source level 1.8 or above
	Cannot refer to the non-final local variable t defined in an enclosing scope
	Lambda expressions are allowed only at source level 1.8 or above
	Cannot refer to the non-final local variable process defined in an enclosing scope
	Lambda expressions are allowed only at source level 1.8 or above
	Cannot refer to the non-final local variable j defined in an enclosing scope
	Cannot refer to the non-final local variable Ti defined in an enclosing scope

	at stochastic.pointprocesses.autoexciting.ExponentialAutoExcitingProcess.<init>(ExponentialAutoExcitingProcess.java:185)
	at stochastic.pointprocesses.autoexciting.ApproximatePowerlawAutoExcitingProcess.<init>(ApproximatePowerlawAutoExcitingProcess.java:110)
	at stochastic.pointprocesses.autoexciting.ExtendedApproximatePowerlawAutoExcitingProcess.<init>(ExtendedApproximatePowerlawAutoExcitingProcess.java:22)
	at stochastic.pointprocesses.autoexciting.ExtendedExponentialPowerlawAutoExcitingProcessTest.constructProcess(ExtendedExponentialPowerlawAutoExcitingProcessTest.java:227)
	at stochastic.pointprocesses.autoexciting.ExtendedExponentialPowerlawAutoExcitingProcessTest.testInvLambda(ExtendedExponentialPowerlawAutoExcitingProcessTest.java:37)
]]></error>
  </testcase>
  <testcase name="testInvLambdaExpectation" classname="stochastic.pointprocesses.autoexciting.ExtendedExponentialPowerlawAutoExcitingProcessTest" time="0.001">
    <error message="Unresolved compilation problems: &#10;	The method seq(IntFunction&lt;?&gt;, int, int) is ambiguous for the type ExponentialAutoExcitingProcess&#10;	Method references are allowed only at source level 1.8 or above&#10;	The method seq(IntFunction&lt;?&gt;, int, int) is ambiguous for the type ExponentialAutoExcitingProcess&#10;	Method references are allowed only at source level 1.8 or above&#10;	Lambda expressions are allowed only at source level 1.8 or above&#10;	Cannot refer to the non-final local variable k defined in an enclosing scope&#10;	Lambda expressions are allowed only at source level 1.8 or above&#10;	Cannot refer to the non-final local variable k defined in an enclosing scope&#10;	Method references are allowed only at source level 1.8 or above&#10;	Method references are allowed only at source level 1.8 or above&#10;	Method references are allowed only at source level 1.8 or above&#10;	Lambda expressions are allowed only at source level 1.8 or above&#10;	The target type of this expression must be a functional interface&#10;	Lambda expressions are allowed only at source level 1.8 or above&#10;	Lambda expressions are allowed only at source level 1.8 or above&#10;	Cannot refer to the non-final local variable progressMonitor defined in an enclosing scope&#10;	Lambda expressions are allowed only at source level 1.8 or above&#10;	Lambda expressions are allowed only at source level 1.8 or above&#10;	Lambda expressions are allowed only at source level 1.8 or above&#10;	Lambda expressions are allowed only at source level 1.8 or above&#10;	References to interface static methods are allowed only at source level 1.8 or above&#10;	Lambda expressions are allowed only at source level 1.8 or above&#10;	Lambda expressions are allowed only at source level 1.8 or above&#10;	References to interface static methods are allowed only at source level 1.8 or above&#10;	Cannot refer to the non-final local variable bounds defined in an enclosing scope&#10;	Lambda expressions are allowed only at source level 1.8 or above&#10;	Lambda expressions are allowed only at source level 1.8 or above&#10;	Cannot refer to the non-final local variable t defined in an enclosing scope&#10;	References to interface static methods are allowed only at source level 1.8 or above&#10;	Lambda expressions are allowed only at source level 1.8 or above&#10;	Lambda expressions are allowed only at source level 1.8 or above&#10;	Cannot refer to the non-final local variable n defined in an enclosing scope&#10;	Lambda expressions are allowed only at source level 1.8 or above&#10;	Cannot refer to the non-final local variable i defined in an enclosing scope&#10;	Cannot refer to the non-final local variable i defined in an enclosing scope&#10;	Cannot refer to the non-final local variable i defined in an enclosing scope&#10;	Lambda expressions are allowed only at source level 1.8 or above&#10;	Cannot refer to the non-final local variable dt defined in an enclosing scope&#10;	Cannot refer to the non-final local variable i defined in an enclosing scope&#10;	Lambda expressions are allowed only at source level 1.8 or above&#10;	Lambda expressions are allowed only at source level 1.8 or above&#10;	Cannot refer to the non-final local variable k defined in an enclosing scope&#10;	Lambda expressions are allowed only at source level 1.8 or above&#10;	Lambda expressions are allowed only at source level 1.8 or above&#10;	Cannot refer to the non-final local variable tn defined in an enclosing scope&#10;	Cannot refer to the non-final local variable i defined in an enclosing scope&#10;	Lambda expressions are allowed only at source level 1.8 or above&#10;	Lambda expressions are allowed only at source level 1.8 or above&#10;	Lambda expressions are allowed only at source level 1.8 or above&#10;	Cannot refer to the non-final local variable i defined in an enclosing scope&#10;	Cannot refer to the non-final local variable k defined in an enclosing scope&#10;	Lambda expressions are allowed only at source level 1.8 or above&#10;	Cannot refer to the non-final local variable tk defined in an enclosing scope&#10;	Cannot refer to the non-final local variable dt defined in an enclosing scope&#10;	Lambda expressions are allowed only at source level 1.8 or above&#10;	Cannot refer to the non-final local variable tk defined in an enclosing scope&#10;	Cannot refer to the non-final local variable dt defined in an enclosing scope&#10;	Lambda expressions are allowed only at source level 1.8 or above&#10;	Cannot refer to the non-final local variable tk defined in an enclosing scope&#10;	Cannot refer to the non-final local variable dt defined in an enclosing scope&#10;	Lambda expressions are allowed only at source level 1.8 or above&#10;	Cannot refer to the non-final local variable tk defined in an enclosing scope&#10;	Cannot refer to the non-final local variable dt defined in an enclosing scope&#10;	Lambda expressions are allowed only at source level 1.8 or above&#10;	Cannot refer to the non-final local variable t defined in an enclosing scope&#10;	Lambda expressions are allowed only at source level 1.8 or above&#10;	Cannot refer to the non-final local variable process defined in an enclosing scope&#10;	Lambda expressions are allowed only at source level 1.8 or above&#10;	Cannot refer to the non-final local variable j defined in an enclosing scope&#10;	Cannot refer to the non-final local variable Ti defined in an enclosing scope&#10;" type="java.lang.Error"><![CDATA[java.lang.Error: Unresolved compilation problems: 
	The method seq(IntFunction<?>, int, int) is ambiguous for the type ExponentialAutoExcitingProcess
	Method references are allowed only at source level 1.8 or above
	The method seq(IntFunction<?>, int, int) is ambiguous for the type ExponentialAutoExcitingProcess
	Method references are allowed only at source level 1.8 or above
	Lambda expressions are allowed only at source level 1.8 or above
	Cannot refer to the non-final local variable k defined in an enclosing scope
	Lambda expressions are allowed only at source level 1.8 or above
	Cannot refer to the non-final local variable k defined in an enclosing scope
	Method references are allowed only at source level 1.8 or above
	Method references are allowed only at source level 1.8 or above
	Method references are allowed only at source level 1.8 or above
	Lambda expressions are allowed only at source level 1.8 or above
	The target type of this expression must be a functional interface
	Lambda expressions are allowed only at source level 1.8 or above
	Lambda expressions are allowed only at source level 1.8 or above
	Cannot refer to the non-final local variable progressMonitor defined in an enclosing scope
	Lambda expressions are allowed only at source level 1.8 or above
	Lambda expressions are allowed only at source level 1.8 or above
	Lambda expressions are allowed only at source level 1.8 or above
	Lambda expressions are allowed only at source level 1.8 or above
	References to interface static methods are allowed only at source level 1.8 or above
	Lambda expressions are allowed only at source level 1.8 or above
	Lambda expressions are allowed only at source level 1.8 or above
	References to interface static methods are allowed only at source level 1.8 or above
	Cannot refer to the non-final local variable bounds defined in an enclosing scope
	Lambda expressions are allowed only at source level 1.8 or above
	Lambda expressions are allowed only at source level 1.8 or above
	Cannot refer to the non-final local variable t defined in an enclosing scope
	References to interface static methods are allowed only at source level 1.8 or above
	Lambda expressions are allowed only at source level 1.8 or above
	Lambda expressions are allowed only at source level 1.8 or above
	Cannot refer to the non-final local variable n defined in an enclosing scope
	Lambda expressions are allowed only at source level 1.8 or above
	Cannot refer to the non-final local variable i defined in an enclosing scope
	Cannot refer to the non-final local variable i defined in an enclosing scope
	Cannot refer to the non-final local variable i defined in an enclosing scope
	Lambda expressions are allowed only at source level 1.8 or above
	Cannot refer to the non-final local variable dt defined in an enclosing scope
	Cannot refer to the non-final local variable i defined in an enclosing scope
	Lambda expressions are allowed only at source level 1.8 or above
	Lambda expressions are allowed only at source level 1.8 or above
	Cannot refer to the non-final local variable k defined in an enclosing scope
	Lambda expressions are allowed only at source level 1.8 or above
	Lambda expressions are allowed only at source level 1.8 or above
	Cannot refer to the non-final local variable tn defined in an enclosing scope
	Cannot refer to the non-final local variable i defined in an enclosing scope
	Lambda expressions are allowed only at source level 1.8 or above
	Lambda expressions are allowed only at source level 1.8 or above
	Lambda expressions are allowed only at source level 1.8 or above
	Cannot refer to the non-final local variable i defined in an enclosing scope
	Cannot refer to the non-final local variable k defined in an enclosing scope
	Lambda expressions are allowed only at source level 1.8 or above
	Cannot refer to the non-final local variable tk defined in an enclosing scope
	Cannot refer to the non-final local variable dt defined in an enclosing scope
	Lambda expressions are allowed only at source level 1.8 or above
	Cannot refer to the non-final local variable tk defined in an enclosing scope
	Cannot refer to the non-final local variable dt defined in an enclosing scope
	Lambda expressions are allowed only at source level 1.8 or above
	Cannot refer to the non-final local variable tk defined in an enclosing scope
	Cannot refer to the non-final local variable dt defined in an enclosing scope
	Lambda expressions are allowed only at source level 1.8 or above
	Cannot refer to the non-final local variable tk defined in an enclosing scope
	Cannot refer to the non-final local variable dt defined in an enclosing scope
	Lambda expressions are allowed only at source level 1.8 or above
	Cannot refer to the non-final local variable t defined in an enclosing scope
	Lambda expressions are allowed only at source level 1.8 or above
	Cannot refer to the non-final local variable process defined in an enclosing scope
	Lambda expressions are allowed only at source level 1.8 or above
	Cannot refer to the non-final local variable j defined in an enclosing scope
	Cannot refer to the non-final local variable Ti defined in an enclosing scope

	at stochastic.pointprocesses.autoexciting.ExponentialAutoExcitingProcess.<init>(ExponentialAutoExcitingProcess.java:185)
	at stochastic.pointprocesses.autoexciting.ApproximatePowerlawAutoExcitingProcess.<init>(ApproximatePowerlawAutoExcitingProcess.java:110)
	at stochastic.pointprocesses.autoexciting.ExtendedApproximatePowerlawAutoExcitingProcess.<init>(ExtendedApproximatePowerlawAutoExcitingProcess.java:22)
	at stochastic.pointprocesses.autoexciting.ExtendedExponentialPowerlawAutoExcitingProcessTest.constructProcess(ExtendedExponentialPowerlawAutoExcitingProcessTest.java:227)
	at stochastic.pointprocesses.autoexciting.ExtendedExponentialPowerlawAutoExcitingProcessTest.testInvLambdaExpectation(ExtendedExponentialPowerlawAutoExcitingProcessTest.java:26)
]]></error>
  </testcase>
  <testcase name="testSaveLoad" classname="stochastic.pointprocesses.autoexciting.ExtendedExponentialPowerlawAutoExcitingProcessTest" time="0">
    <error message="Unresolved compilation problems: &#10;	The method seq(IntFunction&lt;?&gt;, int, int) is ambiguous for the type ExponentialAutoExcitingProcess&#10;	Method references are allowed only at source level 1.8 or above&#10;	The method seq(IntFunction&lt;?&gt;, int, int) is ambiguous for the type ExponentialAutoExcitingProcess&#10;	Method references are allowed only at source level 1.8 or above&#10;	Lambda expressions are allowed only at source level 1.8 or above&#10;	Cannot refer to the non-final local variable k defined in an enclosing scope&#10;	Lambda expressions are allowed only at source level 1.8 or above&#10;	Cannot refer to the non-final local variable k defined in an enclosing scope&#10;	Method references are allowed only at source level 1.8 or above&#10;	Method references are allowed only at source level 1.8 or above&#10;	Method references are allowed only at source level 1.8 or above&#10;	Lambda expressions are allowed only at source level 1.8 or above&#10;	The target type of this expression must be a functional interface&#10;	Lambda expressions are allowed only at source level 1.8 or above&#10;	Lambda expressions are allowed only at source level 1.8 or above&#10;	Cannot refer to the non-final local variable progressMonitor defined in an enclosing scope&#10;	Lambda expressions are allowed only at source level 1.8 or above&#10;	Lambda expressions are allowed only at source level 1.8 or above&#10;	Lambda expressions are allowed only at source level 1.8 or above&#10;	Lambda expressions are allowed only at source level 1.8 or above&#10;	References to interface static methods are allowed only at source level 1.8 or above&#10;	Lambda expressions are allowed only at source level 1.8 or above&#10;	Lambda expressions are allowed only at source level 1.8 or above&#10;	References to interface static methods are allowed only at source level 1.8 or above&#10;	Cannot refer to the non-final local variable bounds defined in an enclosing scope&#10;	Lambda expressions are allowed only at source level 1.8 or above&#10;	Lambda expressions are allowed only at source level 1.8 or above&#10;	Cannot refer to the non-final local variable t defined in an enclosing scope&#10;	References to interface static methods are allowed only at source level 1.8 or above&#10;	Lambda expressions are allowed only at source level 1.8 or above&#10;	Lambda expressions are allowed only at source level 1.8 or above&#10;	Cannot refer to the non-final local variable n defined in an enclosing scope&#10;	Lambda expressions are allowed only at source level 1.8 or above&#10;	Cannot refer to the non-final local variable i defined in an enclosing scope&#10;	Cannot refer to the non-final local variable i defined in an enclosing scope&#10;	Cannot refer to the non-final local variable i defined in an enclosing scope&#10;	Lambda expressions are allowed only at source level 1.8 or above&#10;	Cannot refer to the non-final local variable dt defined in an enclosing scope&#10;	Cannot refer to the non-final local variable i defined in an enclosing scope&#10;	Lambda expressions are allowed only at source level 1.8 or above&#10;	Lambda expressions are allowed only at source level 1.8 or above&#10;	Cannot refer to the non-final local variable k defined in an enclosing scope&#10;	Lambda expressions are allowed only at source level 1.8 or above&#10;	Lambda expressions are allowed only at source level 1.8 or above&#10;	Cannot refer to the non-final local variable tn defined in an enclosing scope&#10;	Cannot refer to the non-final local variable i defined in an enclosing scope&#10;	Lambda expressions are allowed only at source level 1.8 or above&#10;	Lambda expressions are allowed only at source level 1.8 or above&#10;	Lambda expressions are allowed only at source level 1.8 or above&#10;	Cannot refer to the non-final local variable i defined in an enclosing scope&#10;	Cannot refer to the non-final local variable k defined in an enclosing scope&#10;	Lambda expressions are allowed only at source level 1.8 or above&#10;	Cannot refer to the non-final local variable tk defined in an enclosing scope&#10;	Cannot refer to the non-final local variable dt defined in an enclosing scope&#10;	Lambda expressions are allowed only at source level 1.8 or above&#10;	Cannot refer to the non-final local variable tk defined in an enclosing scope&#10;	Cannot refer to the non-final local variable dt defined in an enclosing scope&#10;	Lambda expressions are allowed only at source level 1.8 or above&#10;	Cannot refer to the non-final local variable tk defined in an enclosing scope&#10;	Cannot refer to the non-final local variable dt defined in an enclosing scope&#10;	Lambda expressions are allowed only at source level 1.8 or above&#10;	Cannot refer to the non-final local variable tk defined in an enclosing scope&#10;	Cannot refer to the non-final local variable dt defined in an enclosing scope&#10;	Lambda expressions are allowed only at source level 1.8 or above&#10;	Cannot refer to the non-final local variable t defined in an enclosing scope&#10;	Lambda expressions are allowed only at source level 1.8 or above&#10;	Cannot refer to the non-final local variable process defined in an enclosing scope&#10;	Lambda expressions are allowed only at source level 1.8 or above&#10;	Cannot refer to the non-final local variable j defined in an enclosing scope&#10;	Cannot refer to the non-final local variable Ti defined in an enclosing scope&#10;" type="java.lang.Error"><![CDATA[java.lang.Error: Unresolved compilation problems: 
	The method seq(IntFunction<?>, int, int) is ambiguous for the type ExponentialAutoExcitingProcess
	Method references are allowed only at source level 1.8 or above
	The method seq(IntFunction<?>, int, int) is ambiguous for the type ExponentialAutoExcitingProcess
	Method references are allowed only at source level 1.8 or above
	Lambda expressions are allowed only at source level 1.8 or above
	Cannot refer to the non-final local variable k defined in an enclosing scope
	Lambda expressions are allowed only at source level 1.8 or above
	Cannot refer to the non-final local variable k defined in an enclosing scope
	Method references are allowed only at source level 1.8 or above
	Method references are allowed only at source level 1.8 or above
	Method references are allowed only at source level 1.8 or above
	Lambda expressions are allowed only at source level 1.8 or above
	The target type of this expression must be a functional interface
	Lambda expressions are allowed only at source level 1.8 or above
	Lambda expressions are allowed only at source level 1.8 or above
	Cannot refer to the non-final local variable progressMonitor defined in an enclosing scope
	Lambda expressions are allowed only at source level 1.8 or above
	Lambda expressions are allowed only at source level 1.8 or above
	Lambda expressions are allowed only at source level 1.8 or above
	Lambda expressions are allowed only at source level 1.8 or above
	References to interface static methods are allowed only at source level 1.8 or above
	Lambda expressions are allowed only at source level 1.8 or above
	Lambda expressions are allowed only at source level 1.8 or above
	References to interface static methods are allowed only at source level 1.8 or above
	Cannot refer to the non-final local variable bounds defined in an enclosing scope
	Lambda expressions are allowed only at source level 1.8 or above
	Lambda expressions are allowed only at source level 1.8 or above
	Cannot refer to the non-final local variable t defined in an enclosing scope
	References to interface static methods are allowed only at source level 1.8 or above
	Lambda expressions are allowed only at source level 1.8 or above
	Lambda expressions are allowed only at source level 1.8 or above
	Cannot refer to the non-final local variable n defined in an enclosing scope
	Lambda expressions are allowed only at source level 1.8 or above
	Cannot refer to the non-final local variable i defined in an enclosing scope
	Cannot refer to the non-final local variable i defined in an enclosing scope
	Cannot refer to the non-final local variable i defined in an enclosing scope
	Lambda expressions are allowed only at source level 1.8 or above
	Cannot refer to the non-final local variable dt defined in an enclosing scope
	Cannot refer to the non-final local variable i defined in an enclosing scope
	Lambda expressions are allowed only at source level 1.8 or above
	Lambda expressions are allowed only at source level 1.8 or above
	Cannot refer to the non-final local variable k defined in an enclosing scope
	Lambda expressions are allowed only at source level 1.8 or above
	Lambda expressions are allowed only at source level 1.8 or above
	Cannot refer to the non-final local variable tn defined in an enclosing scope
	Cannot refer to the non-final local variable i defined in an enclosing scope
	Lambda expressions are allowed only at source level 1.8 or above
	Lambda expressions are allowed only at source level 1.8 or above
	Lambda expressions are allowed only at source level 1.8 or above
	Cannot refer to the non-final local variable i defined in an enclosing scope
	Cannot refer to the non-final local variable k defined in an enclosing scope
	Lambda expressions are allowed only at source level 1.8 or above
	Cannot refer to the non-final local variable tk defined in an enclosing scope
	Cannot refer to the non-final local variable dt defined in an enclosing scope
	Lambda expressions are allowed only at source level 1.8 or above
	Cannot refer to the non-final local variable tk defined in an enclosing scope
	Cannot refer to the non-final local variable dt defined in an enclosing scope
	Lambda expressions are allowed only at source level 1.8 or above
	Cannot refer to the non-final local variable tk defined in an enclosing scope
	Cannot refer to the non-final local variable dt defined in an enclosing scope
	Lambda expressions are allowed only at source level 1.8 or above
	Cannot refer to the non-final local variable tk defined in an enclosing scope
	Cannot refer to the non-final local variable dt defined in an enclosing scope
	Lambda expressions are allowed only at source level 1.8 or above
	Cannot refer to the non-final local variable t defined in an enclosing scope
	Lambda expressions are allowed only at source level 1.8 or above
	Cannot refer to the non-final local variable process defined in an enclosing scope
	Lambda expressions are allowed only at source level 1.8 or above
	Cannot refer to the non-final local variable j defined in an enclosing scope
	Cannot refer to the non-final local variable Ti defined in an enclosing scope

	at stochastic.pointprocesses.autoexciting.ExponentialAutoExcitingProcess.<init>(ExponentialAutoExcitingProcess.java:185)
	at stochastic.pointprocesses.autoexciting.ApproximatePowerlawAutoExcitingProcess.<init>(ApproximatePowerlawAutoExcitingProcess.java:110)
	at stochastic.pointprocesses.autoexciting.ExtendedApproximatePowerlawAutoExcitingProcess.<init>(ExtendedApproximatePowerlawAutoExcitingProcess.java:22)
	at stochastic.pointprocesses.autoexciting.ExtendedExponentialPowerlawAutoExcitingProcessTest.testSaveLoad(ExtendedExponentialPowerlawAutoExcitingProcessTest.java:108)
]]></error>
  </testcase>
  <testcase name="testfandF" classname="stochastic.pointprocesses.autoexciting.ExtendedExponentialPowerlawAutoExcitingProcessTest" time="0.001">
    <error message="Unresolved compilation problems: &#10;	The method seq(IntFunction&lt;?&gt;, int, int) is ambiguous for the type ExponentialAutoExcitingProcess&#10;	Method references are allowed only at source level 1.8 or above&#10;	The method seq(IntFunction&lt;?&gt;, int, int) is ambiguous for the type ExponentialAutoExcitingProcess&#10;	Method references are allowed only at source level 1.8 or above&#10;	Lambda expressions are allowed only at source level 1.8 or above&#10;	Cannot refer to the non-final local variable k defined in an enclosing scope&#10;	Lambda expressions are allowed only at source level 1.8 or above&#10;	Cannot refer to the non-final local variable k defined in an enclosing scope&#10;	Method references are allowed only at source level 1.8 or above&#10;	Method references are allowed only at source level 1.8 or above&#10;	Method references are allowed only at source level 1.8 or above&#10;	Lambda expressions are allowed only at source level 1.8 or above&#10;	The target type of this expression must be a functional interface&#10;	Lambda expressions are allowed only at source level 1.8 or above&#10;	Lambda expressions are allowed only at source level 1.8 or above&#10;	Cannot refer to the non-final local variable progressMonitor defined in an enclosing scope&#10;	Lambda expressions are allowed only at source level 1.8 or above&#10;	Lambda expressions are allowed only at source level 1.8 or above&#10;	Lambda expressions are allowed only at source level 1.8 or above&#10;	Lambda expressions are allowed only at source level 1.8 or above&#10;	References to interface static methods are allowed only at source level 1.8 or above&#10;	Lambda expressions are allowed only at source level 1.8 or above&#10;	Lambda expressions are allowed only at source level 1.8 or above&#10;	References to interface static methods are allowed only at source level 1.8 or above&#10;	Cannot refer to the non-final local variable bounds defined in an enclosing scope&#10;	Lambda expressions are allowed only at source level 1.8 or above&#10;	Lambda expressions are allowed only at source level 1.8 or above&#10;	Cannot refer to the non-final local variable t defined in an enclosing scope&#10;	References to interface static methods are allowed only at source level 1.8 or above&#10;	Lambda expressions are allowed only at source level 1.8 or above&#10;	Lambda expressions are allowed only at source level 1.8 or above&#10;	Cannot refer to the non-final local variable n defined in an enclosing scope&#10;	Lambda expressions are allowed only at source level 1.8 or above&#10;	Cannot refer to the non-final local variable i defined in an enclosing scope&#10;	Cannot refer to the non-final local variable i defined in an enclosing scope&#10;	Cannot refer to the non-final local variable i defined in an enclosing scope&#10;	Lambda expressions are allowed only at source level 1.8 or above&#10;	Cannot refer to the non-final local variable dt defined in an enclosing scope&#10;	Cannot refer to the non-final local variable i defined in an enclosing scope&#10;	Lambda expressions are allowed only at source level 1.8 or above&#10;	Lambda expressions are allowed only at source level 1.8 or above&#10;	Cannot refer to the non-final local variable k defined in an enclosing scope&#10;	Lambda expressions are allowed only at source level 1.8 or above&#10;	Lambda expressions are allowed only at source level 1.8 or above&#10;	Cannot refer to the non-final local variable tn defined in an enclosing scope&#10;	Cannot refer to the non-final local variable i defined in an enclosing scope&#10;	Lambda expressions are allowed only at source level 1.8 or above&#10;	Lambda expressions are allowed only at source level 1.8 or above&#10;	Lambda expressions are allowed only at source level 1.8 or above&#10;	Cannot refer to the non-final local variable i defined in an enclosing scope&#10;	Cannot refer to the non-final local variable k defined in an enclosing scope&#10;	Lambda expressions are allowed only at source level 1.8 or above&#10;	Cannot refer to the non-final local variable tk defined in an enclosing scope&#10;	Cannot refer to the non-final local variable dt defined in an enclosing scope&#10;	Lambda expressions are allowed only at source level 1.8 or above&#10;	Cannot refer to the non-final local variable tk defined in an enclosing scope&#10;	Cannot refer to the non-final local variable dt defined in an enclosing scope&#10;	Lambda expressions are allowed only at source level 1.8 or above&#10;	Cannot refer to the non-final local variable tk defined in an enclosing scope&#10;	Cannot refer to the non-final local variable dt defined in an enclosing scope&#10;	Lambda expressions are allowed only at source level 1.8 or above&#10;	Cannot refer to the non-final local variable tk defined in an enclosing scope&#10;	Cannot refer to the non-final local variable dt defined in an enclosing scope&#10;	Lambda expressions are allowed only at source level 1.8 or above&#10;	Cannot refer to the non-final local variable t defined in an enclosing scope&#10;	Lambda expressions are allowed only at source level 1.8 or above&#10;	Cannot refer to the non-final local variable process defined in an enclosing scope&#10;	Lambda expressions are allowed only at source level 1.8 or above&#10;	Cannot refer to the non-final local variable j defined in an enclosing scope&#10;	Cannot refer to the non-final local variable Ti defined in an enclosing scope&#10;" type="java.lang.Error"><![CDATA[java.lang.Error: Unresolved compilation problems: 
	The method seq(IntFunction<?>, int, int) is ambiguous for the type ExponentialAutoExcitingProcess
	Method references are allowed only at source level 1.8 or above
	The method seq(IntFunction<?>, int, int) is ambiguous for the type ExponentialAutoExcitingProcess
	Method references are allowed only at source level 1.8 or above
	Lambda expressions are allowed only at source level 1.8 or above
	Cannot refer to the non-final local variable k defined in an enclosing scope
	Lambda expressions are allowed only at source level 1.8 or above
	Cannot refer to the non-final local variable k defined in an enclosing scope
	Method references are allowed only at source level 1.8 or above
	Method references are allowed only at source level 1.8 or above
	Method references are allowed only at source level 1.8 or above
	Lambda expressions are allowed only at source level 1.8 or above
	The target type of this expression must be a functional interface
	Lambda expressions are allowed only at source level 1.8 or above
	Lambda expressions are allowed only at source level 1.8 or above
	Cannot refer to the non-final local variable progressMonitor defined in an enclosing scope
	Lambda expressions are allowed only at source level 1.8 or above
	Lambda expressions are allowed only at source level 1.8 or above
	Lambda expressions are allowed only at source level 1.8 or above
	Lambda expressions are allowed only at source level 1.8 or above
	References to interface static methods are allowed only at source level 1.8 or above
	Lambda expressions are allowed only at source level 1.8 or above
	Lambda expressions are allowed only at source level 1.8 or above
	References to interface static methods are allowed only at source level 1.8 or above
	Cannot refer to the non-final local variable bounds defined in an enclosing scope
	Lambda expressions are allowed only at source level 1.8 or above
	Lambda expressions are allowed only at source level 1.8 or above
	Cannot refer to the non-final local variable t defined in an enclosing scope
	References to interface static methods are allowed only at source level 1.8 or above
	Lambda expressions are allowed only at source level 1.8 or above
	Lambda expressions are allowed only at source level 1.8 or above
	Cannot refer to the non-final local variable n defined in an enclosing scope
	Lambda expressions are allowed only at source level 1.8 or above
	Cannot refer to the non-final local variable i defined in an enclosing scope
	Cannot refer to the non-final local variable i defined in an enclosing scope
	Cannot refer to the non-final local variable i defined in an enclosing scope
	Lambda expressions are allowed only at source level 1.8 or above
	Cannot refer to the non-final local variable dt defined in an enclosing scope
	Cannot refer to the non-final local variable i defined in an enclosing scope
	Lambda expressions are allowed only at source level 1.8 or above
	Lambda expressions are allowed only at source level 1.8 or above
	Cannot refer to the non-final local variable k defined in an enclosing scope
	Lambda expressions are allowed only at source level 1.8 or above
	Lambda expressions are allowed only at source level 1.8 or above
	Cannot refer to the non-final local variable tn defined in an enclosing scope
	Cannot refer to the non-final local variable i defined in an enclosing scope
	Lambda expressions are allowed only at source level 1.8 or above
	Lambda expressions are allowed only at source level 1.8 or above
	Lambda expressions are allowed only at source level 1.8 or above
	Cannot refer to the non-final local variable i defined in an enclosing scope
	Cannot refer to the non-final local variable k defined in an enclosing scope
	Lambda expressions are allowed only at source level 1.8 or above
	Cannot refer to the non-final local variable tk defined in an enclosing scope
	Cannot refer to the non-final local variable dt defined in an enclosing scope
	Lambda expressions are allowed only at source level 1.8 or above
	Cannot refer to the non-final local variable tk defined in an enclosing scope
	Cannot refer to the non-final local variable dt defined in an enclosing scope
	Lambda expressions are allowed only at source level 1.8 or above
	Cannot refer to the non-final local variable tk defined in an enclosing scope
	Cannot refer to the non-final local variable dt defined in an enclosing scope
	Lambda expressions are allowed only at source level 1.8 or above
	Cannot refer to the non-final local variable tk defined in an enclosing scope
	Cannot refer to the non-final local variable dt defined in an enclosing scope
	Lambda expressions are allowed only at source level 1.8 or above
	Cannot refer to the non-final local variable t defined in an enclosing scope
	Lambda expressions are allowed only at source level 1.8 or above
	Cannot refer to the non-final local variable process defined in an enclosing scope
	Lambda expressions are allowed only at source level 1.8 or above
	Cannot refer to the non-final local variable j defined in an enclosing scope
	Cannot refer to the non-final local variable Ti defined in an enclosing scope

	at stochastic.pointprocesses.autoexciting.ExponentialAutoExcitingProcess.<init>(ExponentialAutoExcitingProcess.java:185)
	at stochastic.pointprocesses.autoexciting.ApproximatePowerlawAutoExcitingProcess.<init>(ApproximatePowerlawAutoExcitingProcess.java:110)
	at stochastic.pointprocesses.autoexciting.ExtendedApproximatePowerlawAutoExcitingProcess.<init>(ExtendedApproximatePowerlawAutoExcitingProcess.java:22)
	at stochastic.pointprocesses.autoexciting.ExtendedExponentialPowerlawAutoExcitingProcessTest.constructProcess(ExtendedExponentialPowerlawAutoExcitingProcessTest.java:227)
	at stochastic.pointprocesses.autoexciting.ExtendedExponentialPowerlawAutoExcitingProcessTest.testfandF(ExtendedExponentialPowerlawAutoExcitingProcessTest.java:139)
]]></error>
  </testcase>
  <testcase name="testinvΛ" classname="stochastic.pointprocesses.autoexciting.ExtendedExponentialPowerlawAutoExcitingProcessTest" time="0.003">
    <error message="Unresolved compilation problems: &#10;	The method seq(IntFunction&lt;?&gt;, int, int) is ambiguous for the type ExponentialAutoExcitingProcess&#10;	Method references are allowed only at source level 1.8 or above&#10;	The method seq(IntFunction&lt;?&gt;, int, int) is ambiguous for the type ExponentialAutoExcitingProcess&#10;	Method references are allowed only at source level 1.8 or above&#10;	Lambda expressions are allowed only at source level 1.8 or above&#10;	Cannot refer to the non-final local variable k defined in an enclosing scope&#10;	Lambda expressions are allowed only at source level 1.8 or above&#10;	Cannot refer to the non-final local variable k defined in an enclosing scope&#10;	Method references are allowed only at source level 1.8 or above&#10;	Method references are allowed only at source level 1.8 or above&#10;	Method references are allowed only at source level 1.8 or above&#10;	Lambda expressions are allowed only at source level 1.8 or above&#10;	The target type of this expression must be a functional interface&#10;	Lambda expressions are allowed only at source level 1.8 or above&#10;	Lambda expressions are allowed only at source level 1.8 or above&#10;	Cannot refer to the non-final local variable progressMonitor defined in an enclosing scope&#10;	Lambda expressions are allowed only at source level 1.8 or above&#10;	Lambda expressions are allowed only at source level 1.8 or above&#10;	Lambda expressions are allowed only at source level 1.8 or above&#10;	Lambda expressions are allowed only at source level 1.8 or above&#10;	References to interface static methods are allowed only at source level 1.8 or above&#10;	Lambda expressions are allowed only at source level 1.8 or above&#10;	Lambda expressions are allowed only at source level 1.8 or above&#10;	References to interface static methods are allowed only at source level 1.8 or above&#10;	Cannot refer to the non-final local variable bounds defined in an enclosing scope&#10;	Lambda expressions are allowed only at source level 1.8 or above&#10;	Lambda expressions are allowed only at source level 1.8 or above&#10;	Cannot refer to the non-final local variable t defined in an enclosing scope&#10;	References to interface static methods are allowed only at source level 1.8 or above&#10;	Lambda expressions are allowed only at source level 1.8 or above&#10;	Lambda expressions are allowed only at source level 1.8 or above&#10;	Cannot refer to the non-final local variable n defined in an enclosing scope&#10;	Lambda expressions are allowed only at source level 1.8 or above&#10;	Cannot refer to the non-final local variable i defined in an enclosing scope&#10;	Cannot refer to the non-final local variable i defined in an enclosing scope&#10;	Cannot refer to the non-final local variable i defined in an enclosing scope&#10;	Lambda expressions are allowed only at source level 1.8 or above&#10;	Cannot refer to the non-final local variable dt defined in an enclosing scope&#10;	Cannot refer to the non-final local variable i defined in an enclosing scope&#10;	Lambda expressions are allowed only at source level 1.8 or above&#10;	Lambda expressions are allowed only at source level 1.8 or above&#10;	Cannot refer to the non-final local variable k defined in an enclosing scope&#10;	Lambda expressions are allowed only at source level 1.8 or above&#10;	Lambda expressions are allowed only at source level 1.8 or above&#10;	Cannot refer to the non-final local variable tn defined in an enclosing scope&#10;	Cannot refer to the non-final local variable i defined in an enclosing scope&#10;	Lambda expressions are allowed only at source level 1.8 or above&#10;	Lambda expressions are allowed only at source level 1.8 or above&#10;	Lambda expressions are allowed only at source level 1.8 or above&#10;	Cannot refer to the non-final local variable i defined in an enclosing scope&#10;	Cannot refer to the non-final local variable k defined in an enclosing scope&#10;	Lambda expressions are allowed only at source level 1.8 or above&#10;	Cannot refer to the non-final local variable tk defined in an enclosing scope&#10;	Cannot refer to the non-final local variable dt defined in an enclosing scope&#10;	Lambda expressions are allowed only at source level 1.8 or above&#10;	Cannot refer to the non-final local variable tk defined in an enclosing scope&#10;	Cannot refer to the non-final local variable dt defined in an enclosing scope&#10;	Lambda expressions are allowed only at source level 1.8 or above&#10;	Cannot refer to the non-final local variable tk defined in an enclosing scope&#10;	Cannot refer to the non-final local variable dt defined in an enclosing scope&#10;	Lambda expressions are allowed only at source level 1.8 or above&#10;	Cannot refer to the non-final local variable tk defined in an enclosing scope&#10;	Cannot refer to the non-final local variable dt defined in an enclosing scope&#10;	Lambda expressions are allowed only at source level 1.8 or above&#10;	Cannot refer to the non-final local variable t defined in an enclosing scope&#10;	Lambda expressions are allowed only at source level 1.8 or above&#10;	Cannot refer to the non-final local variable process defined in an enclosing scope&#10;	Lambda expressions are allowed only at source level 1.8 or above&#10;	Cannot refer to the non-final local variable j defined in an enclosing scope&#10;	Cannot refer to the non-final local variable Ti defined in an enclosing scope&#10;" type="java.lang.Error"><![CDATA[java.lang.Error: Unresolved compilation problems: 
	The method seq(IntFunction<?>, int, int) is ambiguous for the type ExponentialAutoExcitingProcess
	Method references are allowed only at source level 1.8 or above
	The method seq(IntFunction<?>, int, int) is ambiguous for the type ExponentialAutoExcitingProcess
	Method references are allowed only at source level 1.8 or above
	Lambda expressions are allowed only at source level 1.8 or above
	Cannot refer to the non-final local variable k defined in an enclosing scope
	Lambda expressions are allowed only at source level 1.8 or above
	Cannot refer to the non-final local variable k defined in an enclosing scope
	Method references are allowed only at source level 1.8 or above
	Method references are allowed only at source level 1.8 or above
	Method references are allowed only at source level 1.8 or above
	Lambda expressions are allowed only at source level 1.8 or above
	The target type of this expression must be a functional interface
	Lambda expressions are allowed only at source level 1.8 or above
	Lambda expressions are allowed only at source level 1.8 or above
	Cannot refer to the non-final local variable progressMonitor defined in an enclosing scope
	Lambda expressions are allowed only at source level 1.8 or above
	Lambda expressions are allowed only at source level 1.8 or above
	Lambda expressions are allowed only at source level 1.8 or above
	Lambda expressions are allowed only at source level 1.8 or above
	References to interface static methods are allowed only at source level 1.8 or above
	Lambda expressions are allowed only at source level 1.8 or above
	Lambda expressions are allowed only at source level 1.8 or above
	References to interface static methods are allowed only at source level 1.8 or above
	Cannot refer to the non-final local variable bounds defined in an enclosing scope
	Lambda expressions are allowed only at source level 1.8 or above
	Lambda expressions are allowed only at source level 1.8 or above
	Cannot refer to the non-final local variable t defined in an enclosing scope
	References to interface static methods are allowed only at source level 1.8 or above
	Lambda expressions are allowed only at source level 1.8 or above
	Lambda expressions are allowed only at source level 1.8 or above
	Cannot refer to the non-final local variable n defined in an enclosing scope
	Lambda expressions are allowed only at source level 1.8 or above
	Cannot refer to the non-final local variable i defined in an enclosing scope
	Cannot refer to the non-final local variable i defined in an enclosing scope
	Cannot refer to the non-final local variable i defined in an enclosing scope
	Lambda expressions are allowed only at source level 1.8 or above
	Cannot refer to the non-final local variable dt defined in an enclosing scope
	Cannot refer to the non-final local variable i defined in an enclosing scope
	Lambda expressions are allowed only at source level 1.8 or above
	Lambda expressions are allowed only at source level 1.8 or above
	Cannot refer to the non-final local variable k defined in an enclosing scope
	Lambda expressions are allowed only at source level 1.8 or above
	Lambda expressions are allowed only at source level 1.8 or above
	Cannot refer to the non-final local variable tn defined in an enclosing scope
	Cannot refer to the non-final local variable i defined in an enclosing scope
	Lambda expressions are allowed only at source level 1.8 or above
	Lambda expressions are allowed only at source level 1.8 or above
	Lambda expressions are allowed only at source level 1.8 or above
	Cannot refer to the non-final local variable i defined in an enclosing scope
	Cannot refer to the non-final local variable k defined in an enclosing scope
	Lambda expressions are allowed only at source level 1.8 or above
	Cannot refer to the non-final local variable tk defined in an enclosing scope
	Cannot refer to the non-final local variable dt defined in an enclosing scope
	Lambda expressions are allowed only at source level 1.8 or above
	Cannot refer to the non-final local variable tk defined in an enclosing scope
	Cannot refer to the non-final local variable dt defined in an enclosing scope
	Lambda expressions are allowed only at source level 1.8 or above
	Cannot refer to the non-final local variable tk defined in an enclosing scope
	Cannot refer to the non-final local variable dt defined in an enclosing scope
	Lambda expressions are allowed only at source level 1.8 or above
	Cannot refer to the non-final local variable tk defined in an enclosing scope
	Cannot refer to the non-final local variable dt defined in an enclosing scope
	Lambda expressions are allowed only at source level 1.8 or above
	Cannot refer to the non-final local variable t defined in an enclosing scope
	Lambda expressions are allowed only at source level 1.8 or above
	Cannot refer to the non-final local variable process defined in an enclosing scope
	Lambda expressions are allowed only at source level 1.8 or above
	Cannot refer to the non-final local variable j defined in an enclosing scope
	Cannot refer to the non-final local variable Ti defined in an enclosing scope

	at stochastic.pointprocesses.autoexciting.ExponentialAutoExcitingProcess.<init>(ExponentialAutoExcitingProcess.java:185)
	at stochastic.pointprocesses.autoexciting.ApproximatePowerlawAutoExcitingProcess.<init>(ApproximatePowerlawAutoExcitingProcess.java:110)
	at stochastic.pointprocesses.autoexciting.ExtendedApproximatePowerlawAutoExcitingProcess.<init>(ExtendedApproximatePowerlawAutoExcitingProcess.java:22)
	at stochastic.pointprocesses.autoexciting.ExtendedExponentialPowerlawAutoExcitingProcessTest.constructProcess(ExtendedExponentialPowerlawAutoExcitingProcessTest.java:227)
	at stochastic.pointprocesses.autoexciting.ExtendedExponentialPowerlawAutoExcitingProcessTest.testinvΛ(ExtendedExponentialPowerlawAutoExcitingProcessTest.java:150)
]]></error>
  </testcase>
  <testcase name="testA" classname="stochastic.pointprocesses.autoexciting.ExtendedExponentialPowerlawAutoExcitingProcessTest" time="0.001">
    <error message="Unresolved compilation problems: &#10;	The method seq(IntFunction&lt;?&gt;, int, int) is ambiguous for the type ExponentialAutoExcitingProcess&#10;	Method references are allowed only at source level 1.8 or above&#10;	The method seq(IntFunction&lt;?&gt;, int, int) is ambiguous for the type ExponentialAutoExcitingProcess&#10;	Method references are allowed only at source level 1.8 or above&#10;	Lambda expressions are allowed only at source level 1.8 or above&#10;	Cannot refer to the non-final local variable k defined in an enclosing scope&#10;	Lambda expressions are allowed only at source level 1.8 or above&#10;	Cannot refer to the non-final local variable k defined in an enclosing scope&#10;	Method references are allowed only at source level 1.8 or above&#10;	Method references are allowed only at source level 1.8 or above&#10;	Method references are allowed only at source level 1.8 or above&#10;	Lambda expressions are allowed only at source level 1.8 or above&#10;	The target type of this expression must be a functional interface&#10;	Lambda expressions are allowed only at source level 1.8 or above&#10;	Lambda expressions are allowed only at source level 1.8 or above&#10;	Cannot refer to the non-final local variable progressMonitor defined in an enclosing scope&#10;	Lambda expressions are allowed only at source level 1.8 or above&#10;	Lambda expressions are allowed only at source level 1.8 or above&#10;	Lambda expressions are allowed only at source level 1.8 or above&#10;	Lambda expressions are allowed only at source level 1.8 or above&#10;	References to interface static methods are allowed only at source level 1.8 or above&#10;	Lambda expressions are allowed only at source level 1.8 or above&#10;	Lambda expressions are allowed only at source level 1.8 or above&#10;	References to interface static methods are allowed only at source level 1.8 or above&#10;	Cannot refer to the non-final local variable bounds defined in an enclosing scope&#10;	Lambda expressions are allowed only at source level 1.8 or above&#10;	Lambda expressions are allowed only at source level 1.8 or above&#10;	Cannot refer to the non-final local variable t defined in an enclosing scope&#10;	References to interface static methods are allowed only at source level 1.8 or above&#10;	Lambda expressions are allowed only at source level 1.8 or above&#10;	Lambda expressions are allowed only at source level 1.8 or above&#10;	Cannot refer to the non-final local variable n defined in an enclosing scope&#10;	Lambda expressions are allowed only at source level 1.8 or above&#10;	Cannot refer to the non-final local variable i defined in an enclosing scope&#10;	Cannot refer to the non-final local variable i defined in an enclosing scope&#10;	Cannot refer to the non-final local variable i defined in an enclosing scope&#10;	Lambda expressions are allowed only at source level 1.8 or above&#10;	Cannot refer to the non-final local variable dt defined in an enclosing scope&#10;	Cannot refer to the non-final local variable i defined in an enclosing scope&#10;	Lambda expressions are allowed only at source level 1.8 or above&#10;	Lambda expressions are allowed only at source level 1.8 or above&#10;	Cannot refer to the non-final local variable k defined in an enclosing scope&#10;	Lambda expressions are allowed only at source level 1.8 or above&#10;	Lambda expressions are allowed only at source level 1.8 or above&#10;	Cannot refer to the non-final local variable tn defined in an enclosing scope&#10;	Cannot refer to the non-final local variable i defined in an enclosing scope&#10;	Lambda expressions are allowed only at source level 1.8 or above&#10;	Lambda expressions are allowed only at source level 1.8 or above&#10;	Lambda expressions are allowed only at source level 1.8 or above&#10;	Cannot refer to the non-final local variable i defined in an enclosing scope&#10;	Cannot refer to the non-final local variable k defined in an enclosing scope&#10;	Lambda expressions are allowed only at source level 1.8 or above&#10;	Cannot refer to the non-final local variable tk defined in an enclosing scope&#10;	Cannot refer to the non-final local variable dt defined in an enclosing scope&#10;	Lambda expressions are allowed only at source level 1.8 or above&#10;	Cannot refer to the non-final local variable tk defined in an enclosing scope&#10;	Cannot refer to the non-final local variable dt defined in an enclosing scope&#10;	Lambda expressions are allowed only at source level 1.8 or above&#10;	Cannot refer to the non-final local variable tk defined in an enclosing scope&#10;	Cannot refer to the non-final local variable dt defined in an enclosing scope&#10;	Lambda expressions are allowed only at source level 1.8 or above&#10;	Cannot refer to the non-final local variable tk defined in an enclosing scope&#10;	Cannot refer to the non-final local variable dt defined in an enclosing scope&#10;	Lambda expressions are allowed only at source level 1.8 or above&#10;	Cannot refer to the non-final local variable t defined in an enclosing scope&#10;	Lambda expressions are allowed only at source level 1.8 or above&#10;	Cannot refer to the non-final local variable process defined in an enclosing scope&#10;	Lambda expressions are allowed only at source level 1.8 or above&#10;	Cannot refer to the non-final local variable j defined in an enclosing scope&#10;	Cannot refer to the non-final local variable Ti defined in an enclosing scope&#10;" type="java.lang.Error"><![CDATA[java.lang.Error: Unresolved compilation problems: 
	The method seq(IntFunction<?>, int, int) is ambiguous for the type ExponentialAutoExcitingProcess
	Method references are allowed only at source level 1.8 or above
	The method seq(IntFunction<?>, int, int) is ambiguous for the type ExponentialAutoExcitingProcess
	Method references are allowed only at source level 1.8 or above
	Lambda expressions are allowed only at source level 1.8 or above
	Cannot refer to the non-final local variable k defined in an enclosing scope
	Lambda expressions are allowed only at source level 1.8 or above
	Cannot refer to the non-final local variable k defined in an enclosing scope
	Method references are allowed only at source level 1.8 or above
	Method references are allowed only at source level 1.8 or above
	Method references are allowed only at source level 1.8 or above
	Lambda expressions are allowed only at source level 1.8 or above
	The target type of this expression must be a functional interface
	Lambda expressions are allowed only at source level 1.8 or above
	Lambda expressions are allowed only at source level 1.8 or above
	Cannot refer to the non-final local variable progressMonitor defined in an enclosing scope
	Lambda expressions are allowed only at source level 1.8 or above
	Lambda expressions are allowed only at source level 1.8 or above
	Lambda expressions are allowed only at source level 1.8 or above
	Lambda expressions are allowed only at source level 1.8 or above
	References to interface static methods are allowed only at source level 1.8 or above
	Lambda expressions are allowed only at source level 1.8 or above
	Lambda expressions are allowed only at source level 1.8 or above
	References to interface static methods are allowed only at source level 1.8 or above
	Cannot refer to the non-final local variable bounds defined in an enclosing scope
	Lambda expressions are allowed only at source level 1.8 or above
	Lambda expressions are allowed only at source level 1.8 or above
	Cannot refer to the non-final local variable t defined in an enclosing scope
	References to interface static methods are allowed only at source level 1.8 or above
	Lambda expressions are allowed only at source level 1.8 or above
	Lambda expressions are allowed only at source level 1.8 or above
	Cannot refer to the non-final local variable n defined in an enclosing scope
	Lambda expressions are allowed only at source level 1.8 or above
	Cannot refer to the non-final local variable i defined in an enclosing scope
	Cannot refer to the non-final local variable i defined in an enclosing scope
	Cannot refer to the non-final local variable i defined in an enclosing scope
	Lambda expressions are allowed only at source level 1.8 or above
	Cannot refer to the non-final local variable dt defined in an enclosing scope
	Cannot refer to the non-final local variable i defined in an enclosing scope
	Lambda expressions are allowed only at source level 1.8 or above
	Lambda expressions are allowed only at source level 1.8 or above
	Cannot refer to the non-final local variable k defined in an enclosing scope
	Lambda expressions are allowed only at source level 1.8 or above
	Lambda expressions are allowed only at source level 1.8 or above
	Cannot refer to the non-final local variable tn defined in an enclosing scope
	Cannot refer to the non-final local variable i defined in an enclosing scope
	Lambda expressions are allowed only at source level 1.8 or above
	Lambda expressions are allowed only at source level 1.8 or above
	Lambda expressions are allowed only at source level 1.8 or above
	Cannot refer to the non-final local variable i defined in an enclosing scope
	Cannot refer to the non-final local variable k defined in an enclosing scope
	Lambda expressions are allowed only at source level 1.8 or above
	Cannot refer to the non-final local variable tk defined in an enclosing scope
	Cannot refer to the non-final local variable dt defined in an enclosing scope
	Lambda expressions are allowed only at source level 1.8 or above
	Cannot refer to the non-final local variable tk defined in an enclosing scope
	Cannot refer to the non-final local variable dt defined in an enclosing scope
	Lambda expressions are allowed only at source level 1.8 or above
	Cannot refer to the non-final local variable tk defined in an enclosing scope
	Cannot refer to the non-final local variable dt defined in an enclosing scope
	Lambda expressions are allowed only at source level 1.8 or above
	Cannot refer to the non-final local variable tk defined in an enclosing scope
	Cannot refer to the non-final local variable dt defined in an enclosing scope
	Lambda expressions are allowed only at source level 1.8 or above
	Cannot refer to the non-final local variable t defined in an enclosing scope
	Lambda expressions are allowed only at source level 1.8 or above
	Cannot refer to the non-final local variable process defined in an enclosing scope
	Lambda expressions are allowed only at source level 1.8 or above
	Cannot refer to the non-final local variable j defined in an enclosing scope
	Cannot refer to the non-final local variable Ti defined in an enclosing scope

	at stochastic.pointprocesses.autoexciting.ExponentialAutoExcitingProcess.<init>(ExponentialAutoExcitingProcess.java:185)
	at stochastic.pointprocesses.autoexciting.ApproximatePowerlawAutoExcitingProcess.<init>(ApproximatePowerlawAutoExcitingProcess.java:110)
	at stochastic.pointprocesses.autoexciting.ExtendedApproximatePowerlawAutoExcitingProcess.<init>(ExtendedApproximatePowerlawAutoExcitingProcess.java:22)
	at stochastic.pointprocesses.autoexciting.ExtendedExponentialPowerlawAutoExcitingProcessTest.constructProcess(ExtendedExponentialPowerlawAutoExcitingProcessTest.java:227)
	at stochastic.pointprocesses.autoexciting.ExtendedExponentialPowerlawAutoExcitingProcessTest.testA(ExtendedExponentialPowerlawAutoExcitingProcessTest.java:203)
]]></error>
  </testcase>
  <testcase name="testNormalization" classname="stochastic.pointprocesses.autoexciting.ExtendedExponentialPowerlawAutoExcitingProcessTest" time="0.002">
    <error message="Unresolved compilation problems: &#10;	The method seq(IntFunction&lt;?&gt;, int, int) is ambiguous for the type ExponentialAutoExcitingProcess&#10;	Method references are allowed only at source level 1.8 or above&#10;	The method seq(IntFunction&lt;?&gt;, int, int) is ambiguous for the type ExponentialAutoExcitingProcess&#10;	Method references are allowed only at source level 1.8 or above&#10;	Lambda expressions are allowed only at source level 1.8 or above&#10;	Cannot refer to the non-final local variable k defined in an enclosing scope&#10;	Lambda expressions are allowed only at source level 1.8 or above&#10;	Cannot refer to the non-final local variable k defined in an enclosing scope&#10;	Method references are allowed only at source level 1.8 or above&#10;	Method references are allowed only at source level 1.8 or above&#10;	Method references are allowed only at source level 1.8 or above&#10;	Lambda expressions are allowed only at source level 1.8 or above&#10;	The target type of this expression must be a functional interface&#10;	Lambda expressions are allowed only at source level 1.8 or above&#10;	Lambda expressions are allowed only at source level 1.8 or above&#10;	Cannot refer to the non-final local variable progressMonitor defined in an enclosing scope&#10;	Lambda expressions are allowed only at source level 1.8 or above&#10;	Lambda expressions are allowed only at source level 1.8 or above&#10;	Lambda expressions are allowed only at source level 1.8 or above&#10;	Lambda expressions are allowed only at source level 1.8 or above&#10;	References to interface static methods are allowed only at source level 1.8 or above&#10;	Lambda expressions are allowed only at source level 1.8 or above&#10;	Lambda expressions are allowed only at source level 1.8 or above&#10;	References to interface static methods are allowed only at source level 1.8 or above&#10;	Cannot refer to the non-final local variable bounds defined in an enclosing scope&#10;	Lambda expressions are allowed only at source level 1.8 or above&#10;	Lambda expressions are allowed only at source level 1.8 or above&#10;	Cannot refer to the non-final local variable t defined in an enclosing scope&#10;	References to interface static methods are allowed only at source level 1.8 or above&#10;	Lambda expressions are allowed only at source level 1.8 or above&#10;	Lambda expressions are allowed only at source level 1.8 or above&#10;	Cannot refer to the non-final local variable n defined in an enclosing scope&#10;	Lambda expressions are allowed only at source level 1.8 or above&#10;	Cannot refer to the non-final local variable i defined in an enclosing scope&#10;	Cannot refer to the non-final local variable i defined in an enclosing scope&#10;	Cannot refer to the non-final local variable i defined in an enclosing scope&#10;	Lambda expressions are allowed only at source level 1.8 or above&#10;	Cannot refer to the non-final local variable dt defined in an enclosing scope&#10;	Cannot refer to the non-final local variable i defined in an enclosing scope&#10;	Lambda expressions are allowed only at source level 1.8 or above&#10;	Lambda expressions are allowed only at source level 1.8 or above&#10;	Cannot refer to the non-final local variable k defined in an enclosing scope&#10;	Lambda expressions are allowed only at source level 1.8 or above&#10;	Lambda expressions are allowed only at source level 1.8 or above&#10;	Cannot refer to the non-final local variable tn defined in an enclosing scope&#10;	Cannot refer to the non-final local variable i defined in an enclosing scope&#10;	Lambda expressions are allowed only at source level 1.8 or above&#10;	Lambda expressions are allowed only at source level 1.8 or above&#10;	Lambda expressions are allowed only at source level 1.8 or above&#10;	Cannot refer to the non-final local variable i defined in an enclosing scope&#10;	Cannot refer to the non-final local variable k defined in an enclosing scope&#10;	Lambda expressions are allowed only at source level 1.8 or above&#10;	Cannot refer to the non-final local variable tk defined in an enclosing scope&#10;	Cannot refer to the non-final local variable dt defined in an enclosing scope&#10;	Lambda expressions are allowed only at source level 1.8 or above&#10;	Cannot refer to the non-final local variable tk defined in an enclosing scope&#10;	Cannot refer to the non-final local variable dt defined in an enclosing scope&#10;	Lambda expressions are allowed only at source level 1.8 or above&#10;	Cannot refer to the non-final local variable tk defined in an enclosing scope&#10;	Cannot refer to the non-final local variable dt defined in an enclosing scope&#10;	Lambda expressions are allowed only at source level 1.8 or above&#10;	Cannot refer to the non-final local variable tk defined in an enclosing scope&#10;	Cannot refer to the non-final local variable dt defined in an enclosing scope&#10;	Lambda expressions are allowed only at source level 1.8 or above&#10;	Cannot refer to the non-final local variable t defined in an enclosing scope&#10;	Lambda expressions are allowed only at source level 1.8 or above&#10;	Cannot refer to the non-final local variable process defined in an enclosing scope&#10;	Lambda expressions are allowed only at source level 1.8 or above&#10;	Cannot refer to the non-final local variable j defined in an enclosing scope&#10;	Cannot refer to the non-final local variable Ti defined in an enclosing scope&#10;" type="java.lang.Error"><![CDATA[java.lang.Error: Unresolved compilation problems: 
	The method seq(IntFunction<?>, int, int) is ambiguous for the type ExponentialAutoExcitingProcess
	Method references are allowed only at source level 1.8 or above
	The method seq(IntFunction<?>, int, int) is ambiguous for the type ExponentialAutoExcitingProcess
	Method references are allowed only at source level 1.8 or above
	Lambda expressions are allowed only at source level 1.8 or above
	Cannot refer to the non-final local variable k defined in an enclosing scope
	Lambda expressions are allowed only at source level 1.8 or above
	Cannot refer to the non-final local variable k defined in an enclosing scope
	Method references are allowed only at source level 1.8 or above
	Method references are allowed only at source level 1.8 or above
	Method references are allowed only at source level 1.8 or above
	Lambda expressions are allowed only at source level 1.8 or above
	The target type of this expression must be a functional interface
	Lambda expressions are allowed only at source level 1.8 or above
	Lambda expressions are allowed only at source level 1.8 or above
	Cannot refer to the non-final local variable progressMonitor defined in an enclosing scope
	Lambda expressions are allowed only at source level 1.8 or above
	Lambda expressions are allowed only at source level 1.8 or above
	Lambda expressions are allowed only at source level 1.8 or above
	Lambda expressions are allowed only at source level 1.8 or above
	References to interface static methods are allowed only at source level 1.8 or above
	Lambda expressions are allowed only at source level 1.8 or above
	Lambda expressions are allowed only at source level 1.8 or above
	References to interface static methods are allowed only at source level 1.8 or above
	Cannot refer to the non-final local variable bounds defined in an enclosing scope
	Lambda expressions are allowed only at source level 1.8 or above
	Lambda expressions are allowed only at source level 1.8 or above
	Cannot refer to the non-final local variable t defined in an enclosing scope
	References to interface static methods are allowed only at source level 1.8 or above
	Lambda expressions are allowed only at source level 1.8 or above
	Lambda expressions are allowed only at source level 1.8 or above
	Cannot refer to the non-final local variable n defined in an enclosing scope
	Lambda expressions are allowed only at source level 1.8 or above
	Cannot refer to the non-final local variable i defined in an enclosing scope
	Cannot refer to the non-final local variable i defined in an enclosing scope
	Cannot refer to the non-final local variable i defined in an enclosing scope
	Lambda expressions are allowed only at source level 1.8 or above
	Cannot refer to the non-final local variable dt defined in an enclosing scope
	Cannot refer to the non-final local variable i defined in an enclosing scope
	Lambda expressions are allowed only at source level 1.8 or above
	Lambda expressions are allowed only at source level 1.8 or above
	Cannot refer to the non-final local variable k defined in an enclosing scope
	Lambda expressions are allowed only at source level 1.8 or above
	Lambda expressions are allowed only at source level 1.8 or above
	Cannot refer to the non-final local variable tn defined in an enclosing scope
	Cannot refer to the non-final local variable i defined in an enclosing scope
	Lambda expressions are allowed only at source level 1.8 or above
	Lambda expressions are allowed only at source level 1.8 or above
	Lambda expressions are allowed only at source level 1.8 or above
	Cannot refer to the non-final local variable i defined in an enclosing scope
	Cannot refer to the non-final local variable k defined in an enclosing scope
	Lambda expressions are allowed only at source level 1.8 or above
	Cannot refer to the non-final local variable tk defined in an enclosing scope
	Cannot refer to the non-final local variable dt defined in an enclosing scope
	Lambda expressions are allowed only at source level 1.8 or above
	Cannot refer to the non-final local variable tk defined in an enclosing scope
	Cannot refer to the non-final local variable dt defined in an enclosing scope
	Lambda expressions are allowed only at source level 1.8 or above
	Cannot refer to the non-final local variable tk defined in an enclosing scope
	Cannot refer to the non-final local variable dt defined in an enclosing scope
	Lambda expressions are allowed only at source level 1.8 or above
	Cannot refer to the non-final local variable tk defined in an enclosing scope
	Cannot refer to the non-final local variable dt defined in an enclosing scope
	Lambda expressions are allowed only at source level 1.8 or above
	Cannot refer to the non-final local variable t defined in an enclosing scope
	Lambda expressions are allowed only at source level 1.8 or above
	Cannot refer to the non-final local variable process defined in an enclosing scope
	Lambda expressions are allowed only at source level 1.8 or above
	Cannot refer to the non-final local variable j defined in an enclosing scope
	Cannot refer to the non-final local variable Ti defined in an enclosing scope

	at stochastic.pointprocesses.autoexciting.ExponentialAutoExcitingProcess.<init>(ExponentialAutoExcitingProcess.java:185)
	at stochastic.pointprocesses.autoexciting.ApproximatePowerlawAutoExcitingProcess.<init>(ApproximatePowerlawAutoExcitingProcess.java:110)
	at stochastic.pointprocesses.autoexciting.ExtendedApproximatePowerlawAutoExcitingProcess.<init>(ExtendedApproximatePowerlawAutoExcitingProcess.java:22)
	at stochastic.pointprocesses.autoexciting.ExtendedExponentialPowerlawAutoExcitingProcessTest.constructProcess(ExtendedExponentialPowerlawAutoExcitingProcessTest.java:227)
	at stochastic.pointprocesses.autoexciting.ExtendedExponentialPowerlawAutoExcitingProcessTest.testNormalization(ExtendedExponentialPowerlawAutoExcitingProcessTest.java:98)
]]></error>
  </testcase>
  <testcase name="testTotalΛ" classname="stochastic.pointprocesses.autoexciting.ExtendedExponentialPowerlawAutoExcitingProcessTest" time="0.003">
    <error message="Unresolved compilation problems: &#10;	The method seq(IntFunction&lt;?&gt;, int, int) is ambiguous for the type ExponentialAutoExcitingProcess&#10;	Method references are allowed only at source level 1.8 or above&#10;	The method seq(IntFunction&lt;?&gt;, int, int) is ambiguous for the type ExponentialAutoExcitingProcess&#10;	Method references are allowed only at source level 1.8 or above&#10;	Lambda expressions are allowed only at source level 1.8 or above&#10;	Cannot refer to the non-final local variable k defined in an enclosing scope&#10;	Lambda expressions are allowed only at source level 1.8 or above&#10;	Cannot refer to the non-final local variable k defined in an enclosing scope&#10;	Method references are allowed only at source level 1.8 or above&#10;	Method references are allowed only at source level 1.8 or above&#10;	Method references are allowed only at source level 1.8 or above&#10;	Lambda expressions are allowed only at source level 1.8 or above&#10;	The target type of this expression must be a functional interface&#10;	Lambda expressions are allowed only at source level 1.8 or above&#10;	Lambda expressions are allowed only at source level 1.8 or above&#10;	Cannot refer to the non-final local variable progressMonitor defined in an enclosing scope&#10;	Lambda expressions are allowed only at source level 1.8 or above&#10;	Lambda expressions are allowed only at source level 1.8 or above&#10;	Lambda expressions are allowed only at source level 1.8 or above&#10;	Lambda expressions are allowed only at source level 1.8 or above&#10;	References to interface static methods are allowed only at source level 1.8 or above&#10;	Lambda expressions are allowed only at source level 1.8 or above&#10;	Lambda expressions are allowed only at source level 1.8 or above&#10;	References to interface static methods are allowed only at source level 1.8 or above&#10;	Cannot refer to the non-final local variable bounds defined in an enclosing scope&#10;	Lambda expressions are allowed only at source level 1.8 or above&#10;	Lambda expressions are allowed only at source level 1.8 or above&#10;	Cannot refer to the non-final local variable t defined in an enclosing scope&#10;	References to interface static methods are allowed only at source level 1.8 or above&#10;	Lambda expressions are allowed only at source level 1.8 or above&#10;	Lambda expressions are allowed only at source level 1.8 or above&#10;	Cannot refer to the non-final local variable n defined in an enclosing scope&#10;	Lambda expressions are allowed only at source level 1.8 or above&#10;	Cannot refer to the non-final local variable i defined in an enclosing scope&#10;	Cannot refer to the non-final local variable i defined in an enclosing scope&#10;	Cannot refer to the non-final local variable i defined in an enclosing scope&#10;	Lambda expressions are allowed only at source level 1.8 or above&#10;	Cannot refer to the non-final local variable dt defined in an enclosing scope&#10;	Cannot refer to the non-final local variable i defined in an enclosing scope&#10;	Lambda expressions are allowed only at source level 1.8 or above&#10;	Lambda expressions are allowed only at source level 1.8 or above&#10;	Cannot refer to the non-final local variable k defined in an enclosing scope&#10;	Lambda expressions are allowed only at source level 1.8 or above&#10;	Lambda expressions are allowed only at source level 1.8 or above&#10;	Cannot refer to the non-final local variable tn defined in an enclosing scope&#10;	Cannot refer to the non-final local variable i defined in an enclosing scope&#10;	Lambda expressions are allowed only at source level 1.8 or above&#10;	Lambda expressions are allowed only at source level 1.8 or above&#10;	Lambda expressions are allowed only at source level 1.8 or above&#10;	Cannot refer to the non-final local variable i defined in an enclosing scope&#10;	Cannot refer to the non-final local variable k defined in an enclosing scope&#10;	Lambda expressions are allowed only at source level 1.8 or above&#10;	Cannot refer to the non-final local variable tk defined in an enclosing scope&#10;	Cannot refer to the non-final local variable dt defined in an enclosing scope&#10;	Lambda expressions are allowed only at source level 1.8 or above&#10;	Cannot refer to the non-final local variable tk defined in an enclosing scope&#10;	Cannot refer to the non-final local variable dt defined in an enclosing scope&#10;	Lambda expressions are allowed only at source level 1.8 or above&#10;	Cannot refer to the non-final local variable tk defined in an enclosing scope&#10;	Cannot refer to the non-final local variable dt defined in an enclosing scope&#10;	Lambda expressions are allowed only at source level 1.8 or above&#10;	Cannot refer to the non-final local variable tk defined in an enclosing scope&#10;	Cannot refer to the non-final local variable dt defined in an enclosing scope&#10;	Lambda expressions are allowed only at source level 1.8 or above&#10;	Cannot refer to the non-final local variable t defined in an enclosing scope&#10;	Lambda expressions are allowed only at source level 1.8 or above&#10;	Cannot refer to the non-final local variable process defined in an enclosing scope&#10;	Lambda expressions are allowed only at source level 1.8 or above&#10;	Cannot refer to the non-final local variable j defined in an enclosing scope&#10;	Cannot refer to the non-final local variable Ti defined in an enclosing scope&#10;" type="java.lang.Error"><![CDATA[java.lang.Error: Unresolved compilation problems: 
	The method seq(IntFunction<?>, int, int) is ambiguous for the type ExponentialAutoExcitingProcess
	Method references are allowed only at source level 1.8 or above
	The method seq(IntFunction<?>, int, int) is ambiguous for the type ExponentialAutoExcitingProcess
	Method references are allowed only at source level 1.8 or above
	Lambda expressions are allowed only at source level 1.8 or above
	Cannot refer to the non-final local variable k defined in an enclosing scope
	Lambda expressions are allowed only at source level 1.8 or above
	Cannot refer to the non-final local variable k defined in an enclosing scope
	Method references are allowed only at source level 1.8 or above
	Method references are allowed only at source level 1.8 or above
	Method references are allowed only at source level 1.8 or above
	Lambda expressions are allowed only at source level 1.8 or above
	The target type of this expression must be a functional interface
	Lambda expressions are allowed only at source level 1.8 or above
	Lambda expressions are allowed only at source level 1.8 or above
	Cannot refer to the non-final local variable progressMonitor defined in an enclosing scope
	Lambda expressions are allowed only at source level 1.8 or above
	Lambda expressions are allowed only at source level 1.8 or above
	Lambda expressions are allowed only at source level 1.8 or above
	Lambda expressions are allowed only at source level 1.8 or above
	References to interface static methods are allowed only at source level 1.8 or above
	Lambda expressions are allowed only at source level 1.8 or above
	Lambda expressions are allowed only at source level 1.8 or above
	References to interface static methods are allowed only at source level 1.8 or above
	Cannot refer to the non-final local variable bounds defined in an enclosing scope
	Lambda expressions are allowed only at source level 1.8 or above
	Lambda expressions are allowed only at source level 1.8 or above
	Cannot refer to the non-final local variable t defined in an enclosing scope
	References to interface static methods are allowed only at source level 1.8 or above
	Lambda expressions are allowed only at source level 1.8 or above
	Lambda expressions are allowed only at source level 1.8 or above
	Cannot refer to the non-final local variable n defined in an enclosing scope
	Lambda expressions are allowed only at source level 1.8 or above
	Cannot refer to the non-final local variable i defined in an enclosing scope
	Cannot refer to the non-final local variable i defined in an enclosing scope
	Cannot refer to the non-final local variable i defined in an enclosing scope
	Lambda expressions are allowed only at source level 1.8 or above
	Cannot refer to the non-final local variable dt defined in an enclosing scope
	Cannot refer to the non-final local variable i defined in an enclosing scope
	Lambda expressions are allowed only at source level 1.8 or above
	Lambda expressions are allowed only at source level 1.8 or above
	Cannot refer to the non-final local variable k defined in an enclosing scope
	Lambda expressions are allowed only at source level 1.8 or above
	Lambda expressions are allowed only at source level 1.8 or above
	Cannot refer to the non-final local variable tn defined in an enclosing scope
	Cannot refer to the non-final local variable i defined in an enclosing scope
	Lambda expressions are allowed only at source level 1.8 or above
	Lambda expressions are allowed only at source level 1.8 or above
	Lambda expressions are allowed only at source level 1.8 or above
	Cannot refer to the non-final local variable i defined in an enclosing scope
	Cannot refer to the non-final local variable k defined in an enclosing scope
	Lambda expressions are allowed only at source level 1.8 or above
	Cannot refer to the non-final local variable tk defined in an enclosing scope
	Cannot refer to the non-final local variable dt defined in an enclosing scope
	Lambda expressions are allowed only at source level 1.8 or above
	Cannot refer to the non-final local variable tk defined in an enclosing scope
	Cannot refer to the non-final local variable dt defined in an enclosing scope
	Lambda expressions are allowed only at source level 1.8 or above
	Cannot refer to the non-final local variable tk defined in an enclosing scope
	Cannot refer to the non-final local variable dt defined in an enclosing scope
	Lambda expressions are allowed only at source level 1.8 or above
	Cannot refer to the non-final local variable tk defined in an enclosing scope
	Cannot refer to the non-final local variable dt defined in an enclosing scope
	Lambda expressions are allowed only at source level 1.8 or above
	Cannot refer to the non-final local variable t defined in an enclosing scope
	Lambda expressions are allowed only at source level 1.8 or above
	Cannot refer to the non-final local variable process defined in an enclosing scope
	Lambda expressions are allowed only at source level 1.8 or above
	Cannot refer to the non-final local variable j defined in an enclosing scope
	Cannot refer to the non-final local variable Ti defined in an enclosing scope

	at stochastic.pointprocesses.autoexciting.ExponentialAutoExcitingProcess.<init>(ExponentialAutoExcitingProcess.java:185)
	at stochastic.pointprocesses.autoexciting.ApproximatePowerlawAutoExcitingProcess.<init>(ApproximatePowerlawAutoExcitingProcess.java:110)
	at stochastic.pointprocesses.autoexciting.ExtendedApproximatePowerlawAutoExcitingProcess.<init>(ExtendedApproximatePowerlawAutoExcitingProcess.java:22)
	at stochastic.pointprocesses.autoexciting.ExtendedExponentialPowerlawAutoExcitingProcessTest.constructProcess(ExtendedExponentialPowerlawAutoExcitingProcessTest.java:227)
	at stochastic.pointprocesses.autoexciting.ExtendedExponentialPowerlawAutoExcitingProcessTest.testTotalΛ(ExtendedExponentialPowerlawAutoExcitingProcessTest.java:187)
]]></error>
  </testcase>
</testsuite>