<?xml version="1.0" encoding="UTF-8"?>
<testsuite name="stochastic.pointprocesses.autoexciting.multivariate.ExtendedApproximatePowerlawMututallyExcitingProcessTest" time="0.001" tests="9" errors="9" skipped="0" failures="0">
  <properties>
[...]
</properties>
  <testcase name="testInvLambda" classname="stochastic.pointprocesses.autoexciting.multivariate.ExtendedApproximatePowerlawMututallyExcitingProcessTest" time="0">
    <error message="Unresolved compilation problems: &#10;	Lambda expressions are allowed only at source level 1.8 or above&#10;	Lambda expressions are allowed only at source level 1.8 or above&#10;	Lambda expressions are allowed only at source level 1.8 or above&#10;	Cannot refer to the non-final local variable j defined in an enclosing scope&#10;	Cannot refer to the non-final local variable m defined in an enclosing scope&#10;	Cannot refer to the non-final local variable j defined in an enclosing scope&#10;	Cannot refer to the non-final local variable m defined in an enclosing scope&#10;" type="java.lang.Error"><![CDATA[java.lang.Error: Unresolved compilation problems: 
	Lambda expressions are allowed only at source level 1.8 or above
	Lambda expressions are allowed only at source level 1.8 or above
	Lambda expressions are allowed only at source level 1.8 or above
	Cannot refer to the non-final local variable j defined in an enclosing scope
	Cannot refer to the non-final local variable m defined in an enclosing scope
	Cannot refer to the non-final local variable j defined in an enclosing scope
	Cannot refer to the non-final local variable m defined in an enclosing scope

	at stochastic.pointprocesses.autoexciting.multivariate.ExtendedApproximatePowerlawMututallyExcitingProcess.<init>(ExtendedApproximatePowerlawMututallyExcitingProcess.java:277)
	at stochastic.pointprocesses.autoexciting.multivariate.ExtendedApproximatePowerlawMututallyExcitingProcessTest.constructProcess(ExtendedApproximatePowerlawMututallyExcitingProcessTest.java:145)
	at stochastic.pointprocesses.autoexciting.multivariate.ExtendedApproximatePowerlawMututallyExcitingProcessTest.testInvLambda(ExtendedApproximatePowerlawMututallyExcitingProcessTest.java:165)
]]></error>
  </testcase>
  <testcase name="testSubTimes" classname="stochastic.pointprocesses.autoexciting.multivariate.ExtendedApproximatePowerlawMututallyExcitingProcessTest" time="0">
    <error message="Unresolved compilation problems: &#10;	Lambda expressions are allowed only at source level 1.8 or above&#10;	Lambda expressions are allowed only at source level 1.8 or above&#10;	Lambda expressions are allowed only at source level 1.8 or above&#10;	Cannot refer to the non-final local variable j defined in an enclosing scope&#10;	Cannot refer to the non-final local variable m defined in an enclosing scope&#10;	Cannot refer to the non-final local variable j defined in an enclosing scope&#10;	Cannot refer to the non-final local variable m defined in an enclosing scope&#10;" type="java.lang.Error"><![CDATA[java.lang.Error: Unresolved compilation problems: 
	Lambda expressions are allowed only at source level 1.8 or above
	Lambda expressions are allowed only at source level 1.8 or above
	Lambda expressions are allowed only at source level 1.8 or above
	Cannot refer to the non-final local variable j defined in an enclosing scope
	Cannot refer to the non-final local variable m defined in an enclosing scope
	Cannot refer to the non-final local variable j defined in an enclosing scope
	Cannot refer to the non-final local variable m defined in an enclosing scope

	at stochastic.pointprocesses.autoexciting.multivariate.ExtendedApproximatePowerlawMututallyExcitingProcess.<init>(ExtendedApproximatePowerlawMututallyExcitingProcess.java:277)
	at stochastic.pointprocesses.autoexciting.multivariate.ExtendedApproximatePowerlawMututallyExcitingProcessTest.constructProcess(ExtendedApproximatePowerlawMututallyExcitingProcessTest.java:145)
	at stochastic.pointprocesses.autoexciting.multivariate.ExtendedApproximatePowerlawMututallyExcitingProcessTest.testSubTimes(ExtendedApproximatePowerlawMututallyExcitingProcessTest.java:45)
]]></error>
  </testcase>
  <testcase name="testLikelihood" classname="stochastic.pointprocesses.autoexciting.multivariate.ExtendedApproximatePowerlawMututallyExcitingProcessTest" time="0">
    <error message="Unresolved compilation problems: &#10;	Lambda expressions are allowed only at source level 1.8 or above&#10;	Lambda expressions are allowed only at source level 1.8 or above&#10;	Lambda expressions are allowed only at source level 1.8 or above&#10;	Cannot refer to the non-final local variable j defined in an enclosing scope&#10;	Cannot refer to the non-final local variable m defined in an enclosing scope&#10;	Cannot refer to the non-final local variable j defined in an enclosing scope&#10;	Cannot refer to the non-final local variable m defined in an enclosing scope&#10;" type="java.lang.Error"><![CDATA[java.lang.Error: Unresolved compilation problems: 
	Lambda expressions are allowed only at source level 1.8 or above
	Lambda expressions are allowed only at source level 1.8 or above
	Lambda expressions are allowed only at source level 1.8 or above
	Cannot refer to the non-final local variable j defined in an enclosing scope
	Cannot refer to the non-final local variable m defined in an enclosing scope
	Cannot refer to the non-final local variable j defined in an enclosing scope
	Cannot refer to the non-final local variable m defined in an enclosing scope

	at stochastic.pointprocesses.autoexciting.multivariate.ExtendedApproximatePowerlawMututallyExcitingProcess.<init>(ExtendedApproximatePowerlawMututallyExcitingProcess.java:277)
	at stochastic.pointprocesses.autoexciting.multivariate.ExtendedApproximatePowerlawMututallyExcitingProcessTest.constructProcess(ExtendedApproximatePowerlawMututallyExcitingProcessTest.java:145)
	at stochastic.pointprocesses.autoexciting.multivariate.ExtendedApproximatePowerlawMututallyExcitingProcessTest.testLikelihood(ExtendedApproximatePowerlawMututallyExcitingProcessTest.java:70)
]]></error>
  </testcase>
  <testcase name="testGetAndAssignParameters" classname="stochastic.pointprocesses.autoexciting.multivariate.ExtendedApproximatePowerlawMututallyExcitingProcessTest" time="0">
    <error message="Unresolved compilation problems: &#10;	Lambda expressions are allowed only at source level 1.8 or above&#10;	Lambda expressions are allowed only at source level 1.8 or above&#10;	Lambda expressions are allowed only at source level 1.8 or above&#10;	Cannot refer to the non-final local variable j defined in an enclosing scope&#10;	Cannot refer to the non-final local variable m defined in an enclosing scope&#10;	Cannot refer to the non-final local variable j defined in an enclosing scope&#10;	Cannot refer to the non-final local variable m defined in an enclosing scope&#10;" type="java.lang.Error"><![CDATA[java.lang.Error: Unresolved compilation problems: 
	Lambda expressions are allowed only at source level 1.8 or above
	Lambda expressions are allowed only at source level 1.8 or above
	Lambda expressions are allowed only at source level 1.8 or above
	Cannot refer to the non-final local variable j defined in an enclosing scope
	Cannot refer to the non-final local variable m defined in an enclosing scope
	Cannot refer to the non-final local variable j defined in an enclosing scope
	Cannot refer to the non-final local variable m defined in an enclosing scope

	at stochastic.pointprocesses.autoexciting.multivariate.ExtendedApproximatePowerlawMututallyExcitingProcess.<init>(ExtendedApproximatePowerlawMututallyExcitingProcess.java:277)
	at stochastic.pointprocesses.autoexciting.multivariate.ExtendedApproximatePowerlawMututallyExcitingProcessTest.testGetAndAssignParameters(ExtendedApproximatePowerlawMututallyExcitingProcessTest.java:129)
]]></error>
  </testcase>
  <testcase name="testA" classname="stochastic.pointprocesses.autoexciting.multivariate.ExtendedApproximatePowerlawMututallyExcitingProcessTest" time="0">
    <error message="Unresolved compilation problems: &#10;	Lambda expressions are allowed only at source level 1.8 or above&#10;	Lambda expressions are allowed only at source level 1.8 or above&#10;	Lambda expressions are allowed only at source level 1.8 or above&#10;	Cannot refer to the non-final local variable j defined in an enclosing scope&#10;	Cannot refer to the non-final local variable m defined in an enclosing scope&#10;	Cannot refer to the non-final local variable j defined in an enclosing scope&#10;	Cannot refer to the non-final local variable m defined in an enclosing scope&#10;" type="java.lang.Error"><![CDATA[java.lang.Error: Unresolved compilation problems: 
	Lambda expressions are allowed only at source level 1.8 or above
	Lambda expressions are allowed only at source level 1.8 or above
	Lambda expressions are allowed only at source level 1.8 or above
	Cannot refer to the non-final local variable j defined in an enclosing scope
	Cannot refer to the non-final local variable m defined in an enclosing scope
	Cannot refer to the non-final local variable j defined in an enclosing scope
	Cannot refer to the non-final local variable m defined in an enclosing scope

	at stochastic.pointprocesses.autoexciting.multivariate.ExtendedApproximatePowerlawMututallyExcitingProcess.<init>(ExtendedApproximatePowerlawMututallyExcitingProcess.java:277)
	at stochastic.pointprocesses.autoexciting.multivariate.ExtendedApproximatePowerlawMututallyExcitingProcessTest.constructProcess(ExtendedApproximatePowerlawMututallyExcitingProcessTest.java:145)
	at stochastic.pointprocesses.autoexciting.multivariate.ExtendedApproximatePowerlawMututallyExcitingProcessTest.testA(ExtendedApproximatePowerlawMututallyExcitingProcessTest.java:102)
]]></error>
  </testcase>
  <testcase name="testZ" classname="stochastic.pointprocesses.autoexciting.multivariate.ExtendedApproximatePowerlawMututallyExcitingProcessTest" time="0">
    <error message="Unresolved compilation problems: &#10;	Lambda expressions are allowed only at source level 1.8 or above&#10;	Lambda expressions are allowed only at source level 1.8 or above&#10;	Lambda expressions are allowed only at source level 1.8 or above&#10;	Cannot refer to the non-final local variable j defined in an enclosing scope&#10;	Cannot refer to the non-final local variable m defined in an enclosing scope&#10;	Cannot refer to the non-final local variable j defined in an enclosing scope&#10;	Cannot refer to the non-final local variable m defined in an enclosing scope&#10;" type="java.lang.Error"><![CDATA[java.lang.Error: Unresolved compilation problems: 
	Lambda expressions are allowed only at source level 1.8 or above
	Lambda expressions are allowed only at source level 1.8 or above
	Lambda expressions are allowed only at source level 1.8 or above
	Cannot refer to the non-final local variable j defined in an enclosing scope
	Cannot refer to the non-final local variable m defined in an enclosing scope
	Cannot refer to the non-final local variable j defined in an enclosing scope
	Cannot refer to the non-final local variable m defined in an enclosing scope

	at stochastic.pointprocesses.autoexciting.multivariate.ExtendedApproximatePowerlawMututallyExcitingProcess.<init>(ExtendedApproximatePowerlawMututallyExcitingProcess.java:277)
	at stochastic.pointprocesses.autoexciting.multivariate.ExtendedApproximatePowerlawMututallyExcitingProcessTest.constructProcess(ExtendedApproximatePowerlawMututallyExcitingProcessTest.java:145)
	at stochastic.pointprocesses.autoexciting.multivariate.ExtendedApproximatePowerlawMututallyExcitingProcessTest.testZ(ExtendedApproximatePowerlawMututallyExcitingProcessTest.java:60)
]]></error>
  </testcase>
  <testcase name="testΦ" classname="stochastic.pointprocesses.autoexciting.multivariate.ExtendedApproximatePowerlawMututallyExcitingProcessTest" time="0">
    <error message="Unresolved compilation problems: &#10;	Lambda expressions are allowed only at source level 1.8 or above&#10;	Lambda expressions are allowed only at source level 1.8 or above&#10;	Lambda expressions are allowed only at source level 1.8 or above&#10;	Cannot refer to the non-final local variable j defined in an enclosing scope&#10;	Cannot refer to the non-final local variable m defined in an enclosing scope&#10;	Cannot refer to the non-final local variable j defined in an enclosing scope&#10;	Cannot refer to the non-final local variable m defined in an enclosing scope&#10;" type="java.lang.Error"><![CDATA[java.lang.Error: Unresolved compilation problems: 
	Lambda expressions are allowed only at source level 1.8 or above
	Lambda expressions are allowed only at source level 1.8 or above
	Lambda expressions are allowed only at source level 1.8 or above
	Cannot refer to the non-final local variable j defined in an enclosing scope
	Cannot refer to the non-final local variable m defined in an enclosing scope
	Cannot refer to the non-final local variable j defined in an enclosing scope
	Cannot refer to the non-final local variable m defined in an enclosing scope

	at stochastic.pointprocesses.autoexciting.multivariate.ExtendedApproximatePowerlawMututallyExcitingProcess.<init>(ExtendedApproximatePowerlawMututallyExcitingProcess.java:277)
	at stochastic.pointprocesses.autoexciting.multivariate.ExtendedApproximatePowerlawMututallyExcitingProcessTest.constructProcess(ExtendedApproximatePowerlawMututallyExcitingProcessTest.java:145)
	at stochastic.pointprocesses.autoexciting.multivariate.ExtendedApproximatePowerlawMututallyExcitingProcessTest.constructLongerProcess(ExtendedApproximatePowerlawMututallyExcitingProcessTest.java:33)
	at stochastic.pointprocesses.autoexciting.multivariate.ExtendedApproximatePowerlawMututallyExcitingProcessTest.testΦ(ExtendedApproximatePowerlawMututallyExcitingProcessTest.java:23)
]]></error>
  </testcase>
  <testcase name="testTotalΛ" classname="stochastic.pointprocesses.autoexciting.multivariate.ExtendedApproximatePowerlawMututallyExcitingProcessTest" time="0.001">
    <error message="Unresolved compilation problems: &#10;	Lambda expressions are allowed only at source level 1.8 or above&#10;	Lambda expressions are allowed only at source level 1.8 or above&#10;	Lambda expressions are allowed only at source level 1.8 or above&#10;	Cannot refer to the non-final local variable j defined in an enclosing scope&#10;	Cannot refer to the non-final local variable m defined in an enclosing scope&#10;	Cannot refer to the non-final local variable j defined in an enclosing scope&#10;	Cannot refer to the non-final local variable m defined in an enclosing scope&#10;" type="java.lang.Error"><![CDATA[java.lang.Error: Unresolved compilation problems: 
	Lambda expressions are allowed only at source level 1.8 or above
	Lambda expressions are allowed only at source level 1.8 or above
	Lambda expressions are allowed only at source level 1.8 or above
	Cannot refer to the non-final local variable j defined in an enclosing scope
	Cannot refer to the non-final local variable m defined in an enclosing scope
	Cannot refer to the non-final local variable j defined in an enclosing scope
	Cannot refer to the non-final local variable m defined in an enclosing scope

	at stochastic.pointprocesses.autoexciting.multivariate.ExtendedApproximatePowerlawMututallyExcitingProcess.<init>(ExtendedApproximatePowerlawMututallyExcitingProcess.java:277)
	at stochastic.pointprocesses.autoexciting.multivariate.ExtendedApproximatePowerlawMututallyExcitingProcessTest.constructProcess(ExtendedApproximatePowerlawMututallyExcitingProcessTest.java:145)
	at stochastic.pointprocesses.autoexciting.multivariate.ExtendedApproximatePowerlawMututallyExcitingProcessTest.testTotalΛ(ExtendedApproximatePowerlawMututallyExcitingProcessTest.java:92)
]]></error>
  </testcase>
  <testcase name="testλVector" classname="stochastic.pointprocesses.autoexciting.multivariate.ExtendedApproximatePowerlawMututallyExcitingProcessTest" time="0">
    <error message="Unresolved compilation problems: &#10;	Lambda expressions are allowed only at source level 1.8 or above&#10;	Lambda expressions are allowed only at source level 1.8 or above&#10;	Lambda expressions are allowed only at source level 1.8 or above&#10;	Cannot refer to the non-final local variable j defined in an enclosing scope&#10;	Cannot refer to the non-final local variable m defined in an enclosing scope&#10;	Cannot refer to the non-final local variable j defined in an enclosing scope&#10;	Cannot refer to the non-final local variable m defined in an enclosing scope&#10;" type="java.lang.Error"><![CDATA[java.lang.Error: Unresolved compilation problems: 
	Lambda expressions are allowed only at source level 1.8 or above
	Lambda expressions are allowed only at source level 1.8 or above
	Lambda expressions are allowed only at source level 1.8 or above
	Cannot refer to the non-final local variable j defined in an enclosing scope
	Cannot refer to the non-final local variable m defined in an enclosing scope
	Cannot refer to the non-final local variable j defined in an enclosing scope
	Cannot refer to the non-final local variable m defined in an enclosing scope

	at stochastic.pointprocesses.autoexciting.multivariate.ExtendedApproximatePowerlawMututallyExcitingProcess.<init>(ExtendedApproximatePowerlawMututallyExcitingProcess.java:277)
	at stochastic.pointprocesses.autoexciting.multivariate.ExtendedApproximatePowerlawMututallyExcitingProcessTest.constructProcess(ExtendedApproximatePowerlawMututallyExcitingProcessTest.java:145)
	at stochastic.pointprocesses.autoexciting.multivariate.ExtendedApproximatePowerlawMututallyExcitingProcessTest.testλVector(ExtendedApproximatePowerlawMututallyExcitingProcessTest.java:80)
]]></error>
  </testcase>
</testsuite>